#
# There is insufficient memory for the Java Runtime Environment to continue.
# Native memory allocation (malloc) failed to allocate 32744 bytes for ChunkPool::allocate
# Possible reasons:
#   The system is out of physical RAM or swap space
#   The process is running with CompressedOops enabled, and the Java Heap may be blocking the growth of the native heap
# Possible solutions:
#   Reduce memory load on the system
#   Increase physical memory or swap space
#   Check if swap backing store is full
#   Decrease Java heap size (-Xmx/-Xms)
#   Decrease number of Java threads
#   Decrease Java thread stack sizes (-Xss)
#   Set larger code cache with -XX:ReservedCodeCacheSize=
#   JVM is running with Unscaled Compressed Oops mode in which the Java heap is
#     placed in the first 4GB address space. The Java Heap base address is the
#     maximum limit for the native heap growth. Please use -XX:HeapBaseMinAddress
#     to set the Java Heap base and to place the Java Heap above 4GB virtual address.
# This output file may be truncated or incomplete.
#
#  Out of Memory Error (t:/workspace/open/src/hotspot/share/memory/arena.cpp:80), pid=17932, tid=19788
#
# JRE version: OpenJDK Runtime Environment (13.0.2+8) (build 13.0.2+8)
# Java VM: OpenJDK 64-Bit Server VM (13.0.2+8, mixed mode, sharing, tiered, compressed oops, g1 gc, windows-amd64)
# No core dump will be written. Minidumps are not enabled by default on client versions of Windows
#

---------------  S U M M A R Y ------------

Command Line: --add-opens=java.base/java.util=ALL-UNNAMED --add-opens=java.base/java.lang=ALL-UNNAMED --add-opens=java.base/java.lang.invoke=ALL-UNNAMED --add-opens=java.prefs/java.util.prefs=ALL-UNNAMED -XX:MaxMetaspaceSize=256m -XX:+HeapDumpOnOutOfMemoryError -Xms256m -Xmx512m -Dfile.encoding=UTF-8 -Duser.country=US -Duser.language=en -Duser.variant org.gradle.launcher.daemon.bootstrap.GradleDaemon 6.7

Host: Intel(R) Core(TM) i3-3220 CPU @ 3.30GHz, 4 cores, 15G,  Windows 10 , 64 bit Build 19041 (10.0.19041.1202)
Time: Tue Oct  5 21:06:16 2021 GMT Daylight Time elapsed time: 6923 seconds (0d 1h 55m 23s)

---------------  T H R E A D  ---------------

Current thread (0x000001ee21fed800):  JavaThread "C2 CompilerThread1" daemon [_thread_in_native, id=19788, stack(0x000000409bf00000,0x000000409c000000)]


Current CompileTask:
C2:6923214 11335   !   4       com.sun.tools.javac.parser.JavaTokenizer::readToken (2162 bytes)

Stack: [0x000000409bf00000,0x000000409c000000]
Native frames: (J=compiled Java code, j=interpreted, Vv=VM code, C=native code)
V  [jvm.dll+0x624f9a]
V  [jvm.dll+0x770cfa]
V  [jvm.dll+0x7724af]
V  [jvm.dll+0x772ab3]
V  [jvm.dll+0x24bf08]
V  [jvm.dll+0xc2076]
V  [jvm.dll+0xc23cc]
V  [jvm.dll+0xc1f2d]
V  [jvm.dll+0x60763f]
V  [jvm.dll+0x656acc]
V  [jvm.dll+0x19f3bc]
V  [jvm.dll+0x205d36]
V  [jvm.dll+0x204e3f]
V  [jvm.dll+0x189c2c]
V  [jvm.dll+0x213e6d]
V  [jvm.dll+0x2120bb]
V  [jvm.dll+0x736bb6]
V  [jvm.dll+0x72fcaa]
V  [jvm.dll+0x623ea6]
C  [ucrtbase.dll+0x21bb2]
C  [KERNEL32.DLL+0x17034]
C  [ntdll.dll+0x52651]


---------------  P R O C E S S  ---------------

Threads class SMR info:
_java_thread_list=0x000001ee21c44e30, length=40, elements={
0x000001ee7987c000, 0x000001ee7d9c8800, 0x000001ee7d9cb800, 0x000001ee7d9e9800,
0x000001ee7d9ea800, 0x000001ee7d9ed800, 0x000001ee7d9f0000, 0x000001ee7d9fb000,
0x000001ee7e460800, 0x000001ee7e479000, 0x000001ee7f5c1000, 0x000001ee7f721800,
0x000001ee7f722000, 0x000001ee1f8ad800, 0x000001ee1f8ae800, 0x000001ee1f8af000,
0x000001ee1f8ac000, 0x000001ee2362d800, 0x000001ee23630000, 0x000001ee23635800,
0x000001ee24248000, 0x000001ee24247800, 0x000001ee2424b800, 0x000001ee24249800,
0x000001ee2424c000, 0x000001ee2424e000, 0x000001ee2424e800, 0x000001ee24249000,
0x000001ee2424f800, 0x000001ee24250800, 0x000001ee2424a800, 0x000001ee21fed800,
0x000001ee24252000, 0x000001ee24253800, 0x000001ee24251000, 0x000001ee24256000,
0x000001ee24255000, 0x000001ee24252800, 0x000001ee24254800, 0x000001ee23630800
}

Java Threads: ( => current thread )
  0x000001ee7987c000 JavaThread "main" [_thread_blocked, id=18972, stack(0x000000409a000000,0x000000409a100000)]
  0x000001ee7d9c8800 JavaThread "Reference Handler" daemon [_thread_blocked, id=9848, stack(0x000000409a700000,0x000000409a800000)]
  0x000001ee7d9cb800 JavaThread "Finalizer" daemon [_thread_blocked, id=12068, stack(0x000000409a800000,0x000000409a900000)]
  0x000001ee7d9e9800 JavaThread "Signal Dispatcher" daemon [_thread_blocked, id=19824, stack(0x000000409a900000,0x000000409aa00000)]
  0x000001ee7d9ea800 JavaThread "Attach Listener" daemon [_thread_blocked, id=11128, stack(0x000000409aa00000,0x000000409ab00000)]
  0x000001ee7d9ed800 JavaThread "C2 CompilerThread0" daemon [_thread_in_native, id=19548, stack(0x000000409ab00000,0x000000409ac00000)]
  0x000001ee7d9f0000 JavaThread "C1 CompilerThread0" daemon [_thread_in_native, id=19264, stack(0x000000409ac00000,0x000000409ad00000)]
  0x000001ee7d9fb000 JavaThread "Sweeper thread" daemon [_thread_blocked, id=7112, stack(0x000000409ad00000,0x000000409ae00000)]
  0x000001ee7e460800 JavaThread "Common-Cleaner" daemon [_thread_blocked, id=19940, stack(0x000000409ae00000,0x000000409af00000)]
  0x000001ee7e479000 JavaThread "Service Thread" daemon [_thread_blocked, id=7260, stack(0x000000409af00000,0x000000409b000000)]
  0x000001ee7f5c1000 JavaThread "Daemon health stats" [_thread_blocked, id=8268, stack(0x000000409b500000,0x000000409b600000)]
  0x000001ee7f721800 JavaThread "Incoming local TCP Connector on port 49237" [_thread_in_native, id=5528, stack(0x000000409b700000,0x000000409b800000)]
  0x000001ee7f722000 JavaThread "Daemon periodic checks" [_thread_blocked, id=19900, stack(0x000000409b800000,0x000000409b900000)]
  0x000001ee1f8ad800 JavaThread "Cache worker for file hash cache (C:\Users\manos\.gradle\caches\6.7\fileHashes)" [_thread_blocked, id=1700, stack(0x000000409c000000,0x000000409c100000)]
  0x000001ee1f8ae800 JavaThread "File lock request listener" [_thread_in_native, id=764, stack(0x000000409c100000,0x000000409c200000)]
  0x000001ee1f8af000 JavaThread "Cache worker for journal cache (C:\Users\manos\.gradle\caches\journal-1)" [_thread_blocked, id=19936, stack(0x000000409c200000,0x000000409c300000)]
  0x000001ee1f8ac000 JavaThread "Cache worker for execution history cache (C:\Users\manos\.gradle\caches\6.7\executionHistory)" [_thread_blocked, id=16112, stack(0x000000409c800000,0x000000409c900000)]
  0x000001ee2362d800 JavaThread "Cache worker for file content cache (C:\Users\manos\.gradle\caches\6.7\fileContent)" [_thread_blocked, id=7764, stack(0x000000409ca00000,0x000000409cb00000)]
  0x000001ee23630000 JavaThread "Memory manager" [_thread_blocked, id=360, stack(0x000000409cc00000,0x000000409cd00000)]
  0x000001ee23635800 JavaThread "Cache worker for Java compile cache (C:\Users\manos\.gradle\caches\6.7\javaCompile)" [_thread_blocked, id=15272, stack(0x000000409d200000,0x000000409d300000)]
  0x000001ee24248000 JavaThread "Daemon Thread 8" [_thread_blocked, id=5780, stack(0x0000004099d00000,0x0000004099e00000)]
  0x000001ee24247800 JavaThread "Handler for socket connection from /127.0.0.1:49237 to /127.0.0.1:63518" [_thread_in_native, id=15632, stack(0x0000004099e00000,0x0000004099f00000)]
  0x000001ee2424b800 JavaThread "Cancel handler" [_thread_blocked, id=1012, stack(0x0000004099f00000,0x000000409a000000)]
  0x000001ee24249800 JavaThread "Daemon worker Thread 8" [_thread_blocked, id=11384, stack(0x000000409b100000,0x000000409b200000)]
  0x000001ee2424c000 JavaThread "Asynchronous log dispatcher for DefaultDaemonConnection: socket connection from /127.0.0.1:49237 to /127.0.0.1:63518" [_thread_blocked, id=20360, stack(0x000000409b600000,0x000000409b700000)]
  0x000001ee2424e000 JavaThread "Stdin handler" [_thread_blocked, id=20268, stack(0x000000409b900000,0x000000409ba00000)]
  0x000001ee2424e800 JavaThread "Thread-219" [_thread_blocked, id=2516, stack(0x000000409ba00000,0x000000409bb00000)]
  0x000001ee24249000 JavaThread "Cache worker for file hash cache (C:\Users\manos\git_repos\algorithms\.gradle\6.7\fileHashes)" [_thread_blocked, id=18544, stack(0x000000409bb00000,0x000000409bc00000)]
  0x000001ee2424f800 JavaThread "Cache worker for checksums cache (C:\Users\manos\git_repos\algorithms\.gradle\checksums)" [_thread_blocked, id=19076, stack(0x000000409bc00000,0x000000409bd00000)]
  0x000001ee24250800 JavaThread "Cache worker for cache directory md-supplier (C:\Users\manos\.gradle\caches\6.7\md-supplier)" [_thread_blocked, id=14500, stack(0x000000409bd00000,0x000000409be00000)]
  0x000001ee2424a800 JavaThread "Cache worker for cache directory md-rule (C:\Users\manos\.gradle\caches\6.7\md-rule)" [_thread_blocked, id=9764, stack(0x000000409be00000,0x000000409bf00000)]
=>0x000001ee21fed800 JavaThread "C2 CompilerThread1" daemon [_thread_in_native, id=19788, stack(0x000000409bf00000,0x000000409c000000)]
  0x000001ee24252000 JavaThread "Cache worker for Build Output Cleanup Cache (C:\Users\manos\git_repos\algorithms\.gradle\buildOutputCleanup)" [_thread_blocked, id=10532, stack(0x000000409c300000,0x000000409c400000)]
  0x000001ee24253800 JavaThread "Execution worker for ':'" [_thread_blocked, id=6748, stack(0x000000409c400000,0x000000409c500000)]
  0x000001ee24251000 JavaThread "Execution worker for ':' Thread 2" [_thread_blocked, id=5552, stack(0x000000409c500000,0x000000409c600000)]
  0x000001ee24256000 JavaThread "Execution worker for ':' Thread 3" [_thread_blocked, id=9692, stack(0x000000409c600000,0x000000409c700000)]
  0x000001ee24255000 JavaThread "Cache worker for execution history cache (C:\Users\manos\git_repos\algorithms\.gradle\6.7\executionHistory)" [_thread_blocked, id=17504, stack(0x000000409c700000,0x000000409c800000)]
  0x000001ee24252800 JavaThread "Build operations" [_thread_blocked, id=10032, stack(0x000000409c900000,0x000000409ca00000)]
  0x000001ee24254800 JavaThread "Cache worker for Java compile cache (C:\Users\manos\git_repos\algorithms\.gradle\6.7\javaCompile)" [_thread_blocked, id=6836, stack(0x000000409cb00000,0x000000409cc00000)]
  0x000001ee23630800 JavaThread "Build operations Thread 2" [_thread_blocked, id=16720, stack(0x000000409cd00000,0x000000409ce00000)]

Other Threads:
  0x000001ee7d9c5000 VMThread "VM Thread" [stack: 0x000000409a600000,0x000000409a700000] [id=6104]
  0x000001ee7e47a000 WatcherThread [stack: 0x000000409b000000,0x000000409b100000] [id=17384]
  0x000001ee798a4800 GCTaskThread "GC Thread#0" [stack: 0x000000409a100000,0x000000409a200000] [id=13452]
  0x000001ee7e81f800 GCTaskThread "GC Thread#1" [stack: 0x000000409b200000,0x000000409b300000] [id=14256]
  0x000001ee7e749000 GCTaskThread "GC Thread#2" [stack: 0x000000409b300000,0x000000409b400000] [id=16120]
  0x000001ee7e6ca800 GCTaskThread "GC Thread#3" [stack: 0x000000409b400000,0x000000409b500000] [id=18932]
  0x000001ee798aa000 ConcurrentGCThread "G1 Main Marker" [stack: 0x000000409a200000,0x000000409a300000] [id=18320]
  0x000001ee798ac000 ConcurrentGCThread "G1 Conc#0" [stack: 0x000000409a300000,0x000000409a400000] [id=10948]
  0x000001ee7995d800 ConcurrentGCThread "G1 Refine#0" [stack: 0x000000409a400000,0x000000409a500000] [id=19184]
  0x000001ee7d87b800 ConcurrentGCThread "G1 Young RemSet Sampling" [stack: 0x000000409a500000,0x000000409a600000] [id=15388]

Threads with active compile tasks:
C2 CompilerThread0  6923252 11343       4       com.sun.tools.javac.jvm.ClassReader::readClass (557 bytes)
C1 CompilerThread0  6923252 11396   !   2       org.codehaus.groovy.runtime.metaclass.ClosureMetaClass::invokeMethod (872 bytes)
C2 CompilerThread1  6923252 11335   !   4       com.sun.tools.javac.parser.JavaTokenizer::readToken (2162 bytes)

VM state:at safepoint (normal execution)

VM Mutex/Monitor currently owned by a thread:  ([mutex/lock_event])
[0x000001ee79877460] Threads_lock - owner thread: 0x000001ee7d9c5000

Heap address: 0x00000000e0000000, size: 512 MB, Compressed Oops mode: 32-bit
Narrow klass base: 0x0000000800000000, Narrow klass shift: 3
Compressed class space size: 260046848 Address: 0x0000000800b40000

Heap:
 garbage-first heap   total 262144K, used 50384K [0x00000000e0000000, 0x0000000100000000)
  region size 1024K, 14 young (14336K), 10 survivors (10240K)
 Metaspace       used 62096K, capacity 64631K, committed 64768K, reserved 311296K
  class space    used 7921K, capacity 8603K, committed 8704K, reserved 253952K
Heap Regions: E=young(eden), S=young(survivor), O=old, HS=humongous(starts), HC=humongous(continues), CS=collection set, F=free, A=archive, TAMS=top-at-mark-start (previous, next)
|   0|0x00000000e0000000, 0x00000000e0100000, 0x00000000e0100000|100%| O|  |TAMS 0x00000000e0100000, 0x00000000e0000000| Untracked 
|   1|0x00000000e0100000, 0x00000000e0200000, 0x00000000e0200000|100%| O|  |TAMS 0x00000000e0200000, 0x00000000e0100000| Untracked 
|   2|0x00000000e0200000, 0x00000000e0300000, 0x00000000e0300000|100%| O|  |TAMS 0x00000000e0300000, 0x00000000e0200000| Untracked 
|   3|0x00000000e0300000, 0x00000000e0400000, 0x00000000e0400000|100%|HS|  |TAMS 0x00000000e0400000, 0x00000000e0300000| Complete 
|   4|0x00000000e0400000, 0x00000000e0500000, 0x00000000e0500000|100%|HC|  |TAMS 0x00000000e0500000, 0x00000000e0400000| Complete 
|   5|0x00000000e0500000, 0x00000000e0600000, 0x00000000e0600000|100%|HC|  |TAMS 0x00000000e0600000, 0x00000000e0500000| Complete 
|   6|0x00000000e0600000, 0x00000000e0700000, 0x00000000e0700000|100%| O|  |TAMS 0x00000000e0700000, 0x00000000e0600000| Untracked 
|   7|0x00000000e0700000, 0x00000000e0800000, 0x00000000e0800000|100%| O|  |TAMS 0x00000000e0800000, 0x00000000e0700000| Untracked 
|   8|0x00000000e0800000, 0x00000000e0900000, 0x00000000e0900000|100%| O|  |TAMS 0x00000000e0900000, 0x00000000e0800000| Untracked 
|   9|0x00000000e0900000, 0x00000000e0a00000, 0x00000000e0a00000|100%| O|  |TAMS 0x00000000e0a00000, 0x00000000e0900000| Untracked 
|  10|0x00000000e0a00000, 0x00000000e0b00000, 0x00000000e0b00000|100%| O|  |TAMS 0x00000000e0b00000, 0x00000000e0a00000| Untracked 
|  11|0x00000000e0b00000, 0x00000000e0c00000, 0x00000000e0c00000|100%| O|  |TAMS 0x00000000e0c00000, 0x00000000e0b00000| Untracked 
|  12|0x00000000e0c00000, 0x00000000e0d00000, 0x00000000e0d00000|100%| O|  |TAMS 0x00000000e0d00000, 0x00000000e0c00000| Untracked 
|  13|0x00000000e0d00000, 0x00000000e0e00000, 0x00000000e0e00000|100%| O|  |TAMS 0x00000000e0d00000, 0x00000000e0d00000| Untracked 
|  14|0x00000000e0e00000, 0x00000000e0f00000, 0x00000000e0f00000|100%| O|  |TAMS 0x00000000e0f00000, 0x00000000e0e00000| Untracked 
|  15|0x00000000e0f00000, 0x00000000e1000000, 0x00000000e1000000|100%| O|  |TAMS 0x00000000e0fae400, 0x00000000e0f00000| Untracked 
|  16|0x00000000e1000000, 0x00000000e1100000, 0x00000000e1100000|100%| O|  |TAMS 0x00000000e1100000, 0x00000000e1000000| Untracked 
|  17|0x00000000e1100000, 0x00000000e1200000, 0x00000000e1200000|100%| O|  |TAMS 0x00000000e1200000, 0x00000000e1100000| Untracked 
|  18|0x00000000e1200000, 0x00000000e1300000, 0x00000000e1300000|100%| O|  |TAMS 0x00000000e1300000, 0x00000000e1200000| Untracked 
|  19|0x00000000e1300000, 0x00000000e1400000, 0x00000000e1400000|100%| O|  |TAMS 0x00000000e1300000, 0x00000000e1300000| Untracked 
|  20|0x00000000e1400000, 0x00000000e1500000, 0x00000000e1500000|100%| O|  |TAMS 0x00000000e1400000, 0x00000000e1400000| Untracked 
|  21|0x00000000e1500000, 0x00000000e1600000, 0x00000000e1600000|100%| O|  |TAMS 0x00000000e1500000, 0x00000000e1500000| Untracked 
|  22|0x00000000e1600000, 0x00000000e1700000, 0x00000000e1700000|100%| O|  |TAMS 0x00000000e1600000, 0x00000000e1600000| Untracked 
|  23|0x00000000e1700000, 0x00000000e1800000, 0x00000000e1800000|100%| O|  |TAMS 0x00000000e1700000, 0x00000000e1700000| Untracked 
|  24|0x00000000e1800000, 0x00000000e1900000, 0x00000000e1900000|100%| O|  |TAMS 0x00000000e1800000, 0x00000000e1800000| Untracked 
|  25|0x00000000e1900000, 0x00000000e1a00000, 0x00000000e1a00000|100%| O|  |TAMS 0x00000000e1900000, 0x00000000e1900000| Untracked 
|  26|0x00000000e1a00000, 0x00000000e1b00000, 0x00000000e1b00000|100%| O|  |TAMS 0x00000000e1a00000, 0x00000000e1a00000| Untracked 
|  27|0x00000000e1b00000, 0x00000000e1c00000, 0x00000000e1c00000|100%| O|  |TAMS 0x00000000e1b00000, 0x00000000e1b00000| Untracked 
|  28|0x00000000e1c00000, 0x00000000e1d00000, 0x00000000e1d00000|100%| O|  |TAMS 0x00000000e1c00000, 0x00000000e1c00000| Untracked 
|  29|0x00000000e1d00000, 0x00000000e1e00000, 0x00000000e1e00000|100%| O|  |TAMS 0x00000000e1d00000, 0x00000000e1d00000| Untracked 
|  30|0x00000000e1e00000, 0x00000000e1f00000, 0x00000000e1f00000|100%| O|  |TAMS 0x00000000e1e00000, 0x00000000e1e00000| Untracked 
|  31|0x00000000e1f00000, 0x00000000e2000000, 0x00000000e2000000|100%| O|  |TAMS 0x00000000e1f00000, 0x00000000e1f00000| Untracked 
|  32|0x00000000e2000000, 0x00000000e2100000, 0x00000000e2100000|100%| O|  |TAMS 0x00000000e2000000, 0x00000000e2000000| Untracked 
|  33|0x00000000e2100000, 0x00000000e2200000, 0x00000000e2200000|100%| O|  |TAMS 0x00000000e2100000, 0x00000000e2100000| Untracked 
|  34|0x00000000e2200000, 0x00000000e2300000, 0x00000000e2300000|100%| O|  |TAMS 0x00000000e2200000, 0x00000000e2200000| Untracked 
|  35|0x00000000e2300000, 0x00000000e2400000, 0x00000000e2400000|100%| O|  |TAMS 0x00000000e2300000, 0x00000000e2300000| Untracked 
|  36|0x00000000e2400000, 0x00000000e2500000, 0x00000000e2500000|100%| O|  |TAMS 0x00000000e2400000, 0x00000000e2400000| Untracked 
|  37|0x00000000e2500000, 0x00000000e2576a00, 0x00000000e2600000| 46%| O|  |TAMS 0x00000000e2500000, 0x00000000e2500000| Untracked 
|  38|0x00000000e2600000, 0x00000000e2600000, 0x00000000e2700000|  0%| F|  |TAMS 0x00000000e2600000, 0x00000000e2600000| Untracked 
|  39|0x00000000e2700000, 0x00000000e2700000, 0x00000000e2800000|  0%| F|  |TAMS 0x00000000e2700000, 0x00000000e2700000| Untracked 
|  40|0x00000000e2800000, 0x00000000e2800000, 0x00000000e2900000|  0%| F|  |TAMS 0x00000000e2800000, 0x00000000e2800000| Untracked 
|  41|0x00000000e2900000, 0x00000000e2900000, 0x00000000e2a00000|  0%| F|  |TAMS 0x00000000e2900000, 0x00000000e2900000| Untracked 
|  42|0x00000000e2a00000, 0x00000000e2a00000, 0x00000000e2b00000|  0%| F|  |TAMS 0x00000000e2a00000, 0x00000000e2a00000| Untracked 
|  43|0x00000000e2b00000, 0x00000000e2b00000, 0x00000000e2c00000|  0%| F|  |TAMS 0x00000000e2b00000, 0x00000000e2b00000| Untracked 
|  44|0x00000000e2c00000, 0x00000000e2c00000, 0x00000000e2d00000|  0%| F|  |TAMS 0x00000000e2c00000, 0x00000000e2c00000| Untracked 
|  45|0x00000000e2d00000, 0x00000000e2d00000, 0x00000000e2e00000|  0%| F|  |TAMS 0x00000000e2d00000, 0x00000000e2d00000| Untracked 
|  46|0x00000000e2e00000, 0x00000000e2e00000, 0x00000000e2f00000|  0%| F|  |TAMS 0x00000000e2e00000, 0x00000000e2e00000| Untracked 
|  47|0x00000000e2f00000, 0x00000000e2f00000, 0x00000000e3000000|  0%| F|  |TAMS 0x00000000e2f00000, 0x00000000e2f00000| Untracked 
|  48|0x00000000e3000000, 0x00000000e3000000, 0x00000000e3100000|  0%| F|  |TAMS 0x00000000e3000000, 0x00000000e3000000| Untracked 
|  49|0x00000000e3100000, 0x00000000e3100000, 0x00000000e3200000|  0%| F|  |TAMS 0x00000000e3100000, 0x00000000e3100000| Untracked 
|  50|0x00000000e3200000, 0x00000000e3200000, 0x00000000e3300000|  0%| F|  |TAMS 0x00000000e3200000, 0x00000000e3200000| Untracked 
|  51|0x00000000e3300000, 0x00000000e3300000, 0x00000000e3400000|  0%| F|  |TAMS 0x00000000e3300000, 0x00000000e3300000| Untracked 
|  52|0x00000000e3400000, 0x00000000e3400000, 0x00000000e3500000|  0%| F|  |TAMS 0x00000000e3400000, 0x00000000e3400000| Untracked 
|  53|0x00000000e3500000, 0x00000000e3500000, 0x00000000e3600000|  0%| F|  |TAMS 0x00000000e3500000, 0x00000000e3500000| Untracked 
|  54|0x00000000e3600000, 0x00000000e3600000, 0x00000000e3700000|  0%| F|  |TAMS 0x00000000e3600000, 0x00000000e3600000| Untracked 
|  55|0x00000000e3700000, 0x00000000e3700000, 0x00000000e3800000|  0%| F|  |TAMS 0x00000000e3700000, 0x00000000e3700000| Untracked 
|  56|0x00000000e3800000, 0x00000000e3800000, 0x00000000e3900000|  0%| F|  |TAMS 0x00000000e3800000, 0x00000000e3800000| Untracked 
|  57|0x00000000e3900000, 0x00000000e3900000, 0x00000000e3a00000|  0%| F|  |TAMS 0x00000000e3900000, 0x00000000e3900000| Untracked 
|  58|0x00000000e3a00000, 0x00000000e3a00000, 0x00000000e3b00000|  0%| F|  |TAMS 0x00000000e3a00000, 0x00000000e3a00000| Untracked 
|  59|0x00000000e3b00000, 0x00000000e3b00000, 0x00000000e3c00000|  0%| F|  |TAMS 0x00000000e3b00000, 0x00000000e3b00000| Untracked 
|  60|0x00000000e3c00000, 0x00000000e3c00000, 0x00000000e3d00000|  0%| F|  |TAMS 0x00000000e3c00000, 0x00000000e3c00000| Untracked 
|  61|0x00000000e3d00000, 0x00000000e3d00000, 0x00000000e3e00000|  0%| F|  |TAMS 0x00000000e3d00000, 0x00000000e3d00000| Untracked 
|  62|0x00000000e3e00000, 0x00000000e3e00000, 0x00000000e3f00000|  0%| F|  |TAMS 0x00000000e3e00000, 0x00000000e3e00000| Untracked 
|  63|0x00000000e3f00000, 0x00000000e3f00000, 0x00000000e4000000|  0%| F|  |TAMS 0x00000000e3f00000, 0x00000000e3f00000| Untracked 
|  64|0x00000000e4000000, 0x00000000e4000000, 0x00000000e4100000|  0%| F|  |TAMS 0x00000000e4000000, 0x00000000e4000000| Untracked 
|  65|0x00000000e4100000, 0x00000000e4100000, 0x00000000e4200000|  0%| F|  |TAMS 0x00000000e4100000, 0x00000000e4100000| Untracked 
|  66|0x00000000e4200000, 0x00000000e4200000, 0x00000000e4300000|  0%| F|  |TAMS 0x00000000e4200000, 0x00000000e4200000| Untracked 
|  67|0x00000000e4300000, 0x00000000e4300000, 0x00000000e4400000|  0%| F|  |TAMS 0x00000000e4300000, 0x00000000e4300000| Untracked 
|  68|0x00000000e4400000, 0x00000000e4400000, 0x00000000e4500000|  0%| F|  |TAMS 0x00000000e4400000, 0x00000000e4400000| Untracked 
|  69|0x00000000e4500000, 0x00000000e4500000, 0x00000000e4600000|  0%| F|  |TAMS 0x00000000e4500000, 0x00000000e4500000| Untracked 
|  70|0x00000000e4600000, 0x00000000e4600000, 0x00000000e4700000|  0%| F|  |TAMS 0x00000000e4600000, 0x00000000e4600000| Untracked 
|  71|0x00000000e4700000, 0x00000000e4700000, 0x00000000e4800000|  0%| F|  |TAMS 0x00000000e4700000, 0x00000000e4700000| Untracked 
|  72|0x00000000e4800000, 0x00000000e4800000, 0x00000000e4900000|  0%| F|  |TAMS 0x00000000e4800000, 0x00000000e4800000| Untracked 
|  73|0x00000000e4900000, 0x00000000e4900000, 0x00000000e4a00000|  0%| F|  |TAMS 0x00000000e4900000, 0x00000000e4900000| Untracked 
|  74|0x00000000e4a00000, 0x00000000e4a00000, 0x00000000e4b00000|  0%| F|  |TAMS 0x00000000e4a00000, 0x00000000e4a00000| Untracked 
|  75|0x00000000e4b00000, 0x00000000e4b00000, 0x00000000e4c00000|  0%| F|  |TAMS 0x00000000e4b00000, 0x00000000e4b00000| Untracked 
|  76|0x00000000e4c00000, 0x00000000e4c00000, 0x00000000e4d00000|  0%| F|  |TAMS 0x00000000e4c00000, 0x00000000e4c00000| Untracked 
|  77|0x00000000e4d00000, 0x00000000e4d00000, 0x00000000e4e00000|  0%| F|  |TAMS 0x00000000e4d00000, 0x00000000e4d00000| Untracked 
|  78|0x00000000e4e00000, 0x00000000e4e00000, 0x00000000e4f00000|  0%| F|  |TAMS 0x00000000e4e00000, 0x00000000e4e00000| Untracked 
|  79|0x00000000e4f00000, 0x00000000e4f00000, 0x00000000e5000000|  0%| F|  |TAMS 0x00000000e4f00000, 0x00000000e4f00000| Untracked 
|  80|0x00000000e5000000, 0x00000000e5000000, 0x00000000e5100000|  0%| F|  |TAMS 0x00000000e5000000, 0x00000000e5000000| Untracked 
|  81|0x00000000e5100000, 0x00000000e5100000, 0x00000000e5200000|  0%| F|  |TAMS 0x00000000e5100000, 0x00000000e5100000| Untracked 
|  82|0x00000000e5200000, 0x00000000e5200000, 0x00000000e5300000|  0%| F|  |TAMS 0x00000000e5200000, 0x00000000e5200000| Untracked 
|  83|0x00000000e5300000, 0x00000000e5300000, 0x00000000e5400000|  0%| F|  |TAMS 0x00000000e5300000, 0x00000000e5300000| Untracked 
|  84|0x00000000e5400000, 0x00000000e5400000, 0x00000000e5500000|  0%| F|  |TAMS 0x00000000e5400000, 0x00000000e5400000| Untracked 
|  85|0x00000000e5500000, 0x00000000e5500000, 0x00000000e5600000|  0%| F|  |TAMS 0x00000000e5500000, 0x00000000e5500000| Untracked 
|  86|0x00000000e5600000, 0x00000000e5600000, 0x00000000e5700000|  0%| F|  |TAMS 0x00000000e5600000, 0x00000000e5600000| Untracked 
|  87|0x00000000e5700000, 0x00000000e5700000, 0x00000000e5800000|  0%| F|  |TAMS 0x00000000e5700000, 0x00000000e5700000| Untracked 
|  88|0x00000000e5800000, 0x00000000e5800000, 0x00000000e5900000|  0%| F|  |TAMS 0x00000000e5800000, 0x00000000e5800000| Untracked 
|  89|0x00000000e5900000, 0x00000000e5900000, 0x00000000e5a00000|  0%| F|  |TAMS 0x00000000e5900000, 0x00000000e5900000| Untracked 
|  90|0x00000000e5a00000, 0x00000000e5a00000, 0x00000000e5b00000|  0%| F|  |TAMS 0x00000000e5a00000, 0x00000000e5a00000| Untracked 
|  91|0x00000000e5b00000, 0x00000000e5b00000, 0x00000000e5c00000|  0%| F|  |TAMS 0x00000000e5b00000, 0x00000000e5b00000| Untracked 
|  92|0x00000000e5c00000, 0x00000000e5c00000, 0x00000000e5d00000|  0%| F|  |TAMS 0x00000000e5c00000, 0x00000000e5c00000| Untracked 
|  93|0x00000000e5d00000, 0x00000000e5dbd750, 0x00000000e5e00000| 74%| S|CS|TAMS 0x00000000e5d00000, 0x00000000e5d00000| Complete 
|  94|0x00000000e5e00000, 0x00000000e5f00000, 0x00000000e5f00000|100%| S|CS|TAMS 0x00000000e5e00000, 0x00000000e5e00000| Complete 
|  95|0x00000000e5f00000, 0x00000000e6000000, 0x00000000e6000000|100%| S|CS|TAMS 0x00000000e5f00000, 0x00000000e5f00000| Complete 
|  96|0x00000000e6000000, 0x00000000e6000000, 0x00000000e6100000|  0%| F|  |TAMS 0x00000000e6000000, 0x00000000e6000000| Untracked 
|  97|0x00000000e6100000, 0x00000000e6100000, 0x00000000e6200000|  0%| F|  |TAMS 0x00000000e6100000, 0x00000000e6100000| Untracked 
|  98|0x00000000e6200000, 0x00000000e6200000, 0x00000000e6300000|  0%| F|  |TAMS 0x00000000e6200000, 0x00000000e6200000| Untracked 
|  99|0x00000000e6300000, 0x00000000e6300000, 0x00000000e6400000|  0%| F|  |TAMS 0x00000000e6300000, 0x00000000e6300000| Untracked 
| 100|0x00000000e6400000, 0x00000000e6400000, 0x00000000e6500000|  0%| F|  |TAMS 0x00000000e6400000, 0x00000000e6400000| Untracked 
| 101|0x00000000e6500000, 0x00000000e6500000, 0x00000000e6600000|  0%| F|  |TAMS 0x00000000e6500000, 0x00000000e6500000| Untracked 
| 102|0x00000000e6600000, 0x00000000e6600000, 0x00000000e6700000|  0%| F|  |TAMS 0x00000000e6600000, 0x00000000e6600000| Untracked 
| 103|0x00000000e6700000, 0x00000000e6800000, 0x00000000e6800000|100%| S|CS|TAMS 0x00000000e6700000, 0x00000000e6700000| Complete 
| 104|0x00000000e6800000, 0x00000000e6900000, 0x00000000e6900000|100%| S|CS|TAMS 0x00000000e6800000, 0x00000000e6800000| Complete 
| 105|0x00000000e6900000, 0x00000000e6a00000, 0x00000000e6a00000|100%| S|CS|TAMS 0x00000000e6900000, 0x00000000e6900000| Complete 
| 106|0x00000000e6a00000, 0x00000000e6b00000, 0x00000000e6b00000|100%| S|CS|TAMS 0x00000000e6a00000, 0x00000000e6a00000| Complete 
| 107|0x00000000e6b00000, 0x00000000e6c00000, 0x00000000e6c00000|100%| S|CS|TAMS 0x00000000e6b00000, 0x00000000e6b00000| Complete 
| 108|0x00000000e6c00000, 0x00000000e6d00000, 0x00000000e6d00000|100%| S|CS|TAMS 0x00000000e6c00000, 0x00000000e6c00000| Complete 
| 109|0x00000000e6d00000, 0x00000000e6e00000, 0x00000000e6e00000|100%| S|CS|TAMS 0x00000000e6d00000, 0x00000000e6d00000| Complete 
| 110|0x00000000e6e00000, 0x00000000e6e00000, 0x00000000e6f00000|  0%| F|  |TAMS 0x00000000e6e00000, 0x00000000e6e00000| Untracked 
| 111|0x00000000e6f00000, 0x00000000e6f00000, 0x00000000e7000000|  0%| F|  |TAMS 0x00000000e6f00000, 0x00000000e6f00000| Untracked 
| 112|0x00000000e7000000, 0x00000000e7000000, 0x00000000e7100000|  0%| F|  |TAMS 0x00000000e7000000, 0x00000000e7000000| Untracked 
| 113|0x00000000e7100000, 0x00000000e7100000, 0x00000000e7200000|  0%| F|  |TAMS 0x00000000e7100000, 0x00000000e7100000| Untracked 
| 114|0x00000000e7200000, 0x00000000e7200000, 0x00000000e7300000|  0%| F|  |TAMS 0x00000000e7200000, 0x00000000e7200000| Untracked 
| 115|0x00000000e7300000, 0x00000000e7300000, 0x00000000e7400000|  0%| F|  |TAMS 0x00000000e7300000, 0x00000000e7300000| Untracked 
| 116|0x00000000e7400000, 0x00000000e7400000, 0x00000000e7500000|  0%| F|  |TAMS 0x00000000e7400000, 0x00000000e7400000| Untracked 
| 117|0x00000000e7500000, 0x00000000e7500000, 0x00000000e7600000|  0%| F|  |TAMS 0x00000000e7500000, 0x00000000e7500000| Untracked 
| 118|0x00000000e7600000, 0x00000000e7600000, 0x00000000e7700000|  0%| F|  |TAMS 0x00000000e7600000, 0x00000000e7600000| Untracked 
| 119|0x00000000e7700000, 0x00000000e7700000, 0x00000000e7800000|  0%| F|  |TAMS 0x00000000e7700000, 0x00000000e7700000| Untracked 
| 120|0x00000000e7800000, 0x00000000e7800000, 0x00000000e7900000|  0%| F|  |TAMS 0x00000000e7800000, 0x00000000e7800000| Untracked 
| 121|0x00000000e7900000, 0x00000000e7900000, 0x00000000e7a00000|  0%| F|  |TAMS 0x00000000e7900000, 0x00000000e7900000| Untracked 
| 122|0x00000000e7a00000, 0x00000000e7a00000, 0x00000000e7b00000|  0%| F|  |TAMS 0x00000000e7a00000, 0x00000000e7a00000| Untracked 
| 123|0x00000000e7b00000, 0x00000000e7b00000, 0x00000000e7c00000|  0%| F|  |TAMS 0x00000000e7b00000, 0x00000000e7b00000| Untracked 
| 124|0x00000000e7c00000, 0x00000000e7c00000, 0x00000000e7d00000|  0%| F|  |TAMS 0x00000000e7c00000, 0x00000000e7c00000| Untracked 
| 125|0x00000000e7d00000, 0x00000000e7d00000, 0x00000000e7e00000|  0%| F|  |TAMS 0x00000000e7d00000, 0x00000000e7d00000| Untracked 
| 126|0x00000000e7e00000, 0x00000000e7e00000, 0x00000000e7f00000|  0%| F|  |TAMS 0x00000000e7e00000, 0x00000000e7e00000| Untracked 
| 127|0x00000000e7f00000, 0x00000000e7f00000, 0x00000000e8000000|  0%| F|  |TAMS 0x00000000e7f00000, 0x00000000e7f00000| Untracked 
| 128|0x00000000e8000000, 0x00000000e8000000, 0x00000000e8100000|  0%| F|  |TAMS 0x00000000e8000000, 0x00000000e8000000| Untracked 
| 129|0x00000000e8100000, 0x00000000e8100000, 0x00000000e8200000|  0%| F|  |TAMS 0x00000000e8100000, 0x00000000e8100000| Untracked 
| 130|0x00000000e8200000, 0x00000000e8200000, 0x00000000e8300000|  0%| F|  |TAMS 0x00000000e8200000, 0x00000000e8200000| Untracked 
| 131|0x00000000e8300000, 0x00000000e8300000, 0x00000000e8400000|  0%| F|  |TAMS 0x00000000e8300000, 0x00000000e8300000| Untracked 
| 132|0x00000000e8400000, 0x00000000e8400000, 0x00000000e8500000|  0%| F|  |TAMS 0x00000000e8400000, 0x00000000e8400000| Untracked 
| 133|0x00000000e8500000, 0x00000000e8500000, 0x00000000e8600000|  0%| F|  |TAMS 0x00000000e8500000, 0x00000000e8500000| Untracked 
| 134|0x00000000e8600000, 0x00000000e8600000, 0x00000000e8700000|  0%| F|  |TAMS 0x00000000e8600000, 0x00000000e8600000| Untracked 
| 135|0x00000000e8700000, 0x00000000e8700000, 0x00000000e8800000|  0%| F|  |TAMS 0x00000000e8700000, 0x00000000e8700000| Untracked 
| 136|0x00000000e8800000, 0x00000000e8800000, 0x00000000e8900000|  0%| F|  |TAMS 0x00000000e8800000, 0x00000000e8800000| Untracked 
| 137|0x00000000e8900000, 0x00000000e8900000, 0x00000000e8a00000|  0%| F|  |TAMS 0x00000000e8900000, 0x00000000e8900000| Untracked 
| 138|0x00000000e8a00000, 0x00000000e8a00000, 0x00000000e8b00000|  0%| F|  |TAMS 0x00000000e8a00000, 0x00000000e8a00000| Untracked 
| 139|0x00000000e8b00000, 0x00000000e8b00000, 0x00000000e8c00000|  0%| F|  |TAMS 0x00000000e8b00000, 0x00000000e8b00000| Untracked 
| 140|0x00000000e8c00000, 0x00000000e8c00000, 0x00000000e8d00000|  0%| F|  |TAMS 0x00000000e8c00000, 0x00000000e8c00000| Untracked 
| 141|0x00000000e8d00000, 0x00000000e8d00000, 0x00000000e8e00000|  0%| F|  |TAMS 0x00000000e8d00000, 0x00000000e8d00000| Untracked 
| 142|0x00000000e8e00000, 0x00000000e8e00000, 0x00000000e8f00000|  0%| F|  |TAMS 0x00000000e8e00000, 0x00000000e8e00000| Untracked 
| 143|0x00000000e8f00000, 0x00000000e8f00000, 0x00000000e9000000|  0%| F|  |TAMS 0x00000000e8f00000, 0x00000000e8f00000| Untracked 
| 144|0x00000000e9000000, 0x00000000e9000000, 0x00000000e9100000|  0%| F|  |TAMS 0x00000000e9000000, 0x00000000e9000000| Untracked 
| 145|0x00000000e9100000, 0x00000000e9100000, 0x00000000e9200000|  0%| F|  |TAMS 0x00000000e9100000, 0x00000000e9100000| Untracked 
| 146|0x00000000e9200000, 0x00000000e9200000, 0x00000000e9300000|  0%| F|  |TAMS 0x00000000e9200000, 0x00000000e9200000| Untracked 
| 147|0x00000000e9300000, 0x00000000e9300000, 0x00000000e9400000|  0%| F|  |TAMS 0x00000000e9300000, 0x00000000e9300000| Untracked 
| 148|0x00000000e9400000, 0x00000000e9400000, 0x00000000e9500000|  0%| F|  |TAMS 0x00000000e9400000, 0x00000000e9400000| Untracked 
| 149|0x00000000e9500000, 0x00000000e9500000, 0x00000000e9600000|  0%| F|  |TAMS 0x00000000e9500000, 0x00000000e9500000| Untracked 
| 150|0x00000000e9600000, 0x00000000e9600000, 0x00000000e9700000|  0%| F|  |TAMS 0x00000000e9600000, 0x00000000e9600000| Untracked 
| 151|0x00000000e9700000, 0x00000000e9700000, 0x00000000e9800000|  0%| F|  |TAMS 0x00000000e9700000, 0x00000000e9700000| Untracked 
| 152|0x00000000e9800000, 0x00000000e9800000, 0x00000000e9900000|  0%| F|  |TAMS 0x00000000e9800000, 0x00000000e9800000| Untracked 
| 153|0x00000000e9900000, 0x00000000e9900000, 0x00000000e9a00000|  0%| F|  |TAMS 0x00000000e9900000, 0x00000000e9900000| Untracked 
| 154|0x00000000e9a00000, 0x00000000e9a00000, 0x00000000e9b00000|  0%| F|  |TAMS 0x00000000e9a00000, 0x00000000e9a00000| Untracked 
| 155|0x00000000e9b00000, 0x00000000e9b00000, 0x00000000e9c00000|  0%| F|  |TAMS 0x00000000e9b00000, 0x00000000e9b00000| Untracked 
| 156|0x00000000e9c00000, 0x00000000e9c00000, 0x00000000e9d00000|  0%| F|  |TAMS 0x00000000e9c00000, 0x00000000e9c00000| Untracked 
| 157|0x00000000e9d00000, 0x00000000e9d00000, 0x00000000e9e00000|  0%| F|  |TAMS 0x00000000e9d00000, 0x00000000e9d00000| Untracked 
| 158|0x00000000e9e00000, 0x00000000e9e00000, 0x00000000e9f00000|  0%| F|  |TAMS 0x00000000e9e00000, 0x00000000e9e00000| Untracked 
| 159|0x00000000e9f00000, 0x00000000e9f00000, 0x00000000ea000000|  0%| F|  |TAMS 0x00000000e9f00000, 0x00000000e9f00000| Untracked 
| 160|0x00000000ea000000, 0x00000000ea000000, 0x00000000ea100000|  0%| F|  |TAMS 0x00000000ea000000, 0x00000000ea000000| Untracked 
| 161|0x00000000ea100000, 0x00000000ea100000, 0x00000000ea200000|  0%| F|  |TAMS 0x00000000ea100000, 0x00000000ea100000| Untracked 
| 162|0x00000000ea200000, 0x00000000ea200000, 0x00000000ea300000|  0%| F|  |TAMS 0x00000000ea200000, 0x00000000ea200000| Untracked 
| 163|0x00000000ea300000, 0x00000000ea300000, 0x00000000ea400000|  0%| F|  |TAMS 0x00000000ea300000, 0x00000000ea300000| Untracked 
| 164|0x00000000ea400000, 0x00000000ea400000, 0x00000000ea500000|  0%| F|  |TAMS 0x00000000ea400000, 0x00000000ea400000| Untracked 
| 165|0x00000000ea500000, 0x00000000ea500000, 0x00000000ea600000|  0%| F|  |TAMS 0x00000000ea500000, 0x00000000ea500000| Untracked 
| 166|0x00000000ea600000, 0x00000000ea600000, 0x00000000ea700000|  0%| F|  |TAMS 0x00000000ea600000, 0x00000000ea600000| Untracked 
| 167|0x00000000ea700000, 0x00000000ea700000, 0x00000000ea800000|  0%| F|  |TAMS 0x00000000ea700000, 0x00000000ea700000| Untracked 
| 168|0x00000000ea800000, 0x00000000ea800000, 0x00000000ea900000|  0%| F|  |TAMS 0x00000000ea800000, 0x00000000ea800000| Untracked 
| 169|0x00000000ea900000, 0x00000000ea900000, 0x00000000eaa00000|  0%| F|  |TAMS 0x00000000ea900000, 0x00000000ea900000| Untracked 
| 170|0x00000000eaa00000, 0x00000000eaa00000, 0x00000000eab00000|  0%| F|  |TAMS 0x00000000eaa00000, 0x00000000eaa00000| Untracked 
| 171|0x00000000eab00000, 0x00000000eab00000, 0x00000000eac00000|  0%| F|  |TAMS 0x00000000eab00000, 0x00000000eab00000| Untracked 
| 172|0x00000000eac00000, 0x00000000eac00000, 0x00000000ead00000|  0%| F|  |TAMS 0x00000000eac00000, 0x00000000eac00000| Untracked 
| 173|0x00000000ead00000, 0x00000000ead00000, 0x00000000eae00000|  0%| F|  |TAMS 0x00000000ead00000, 0x00000000ead00000| Untracked 
| 174|0x00000000eae00000, 0x00000000eae00000, 0x00000000eaf00000|  0%| F|  |TAMS 0x00000000eae00000, 0x00000000eae00000| Untracked 
| 175|0x00000000eaf00000, 0x00000000eaf00000, 0x00000000eb000000|  0%| F|  |TAMS 0x00000000eaf00000, 0x00000000eaf00000| Untracked 
| 176|0x00000000eb000000, 0x00000000eb000000, 0x00000000eb100000|  0%| F|  |TAMS 0x00000000eb000000, 0x00000000eb000000| Untracked 
| 177|0x00000000eb100000, 0x00000000eb100000, 0x00000000eb200000|  0%| F|  |TAMS 0x00000000eb100000, 0x00000000eb100000| Untracked 
| 178|0x00000000eb200000, 0x00000000eb200000, 0x00000000eb300000|  0%| F|  |TAMS 0x00000000eb200000, 0x00000000eb200000| Untracked 
| 179|0x00000000eb300000, 0x00000000eb300000, 0x00000000eb400000|  0%| F|  |TAMS 0x00000000eb300000, 0x00000000eb300000| Untracked 
| 180|0x00000000eb400000, 0x00000000eb400000, 0x00000000eb500000|  0%| F|  |TAMS 0x00000000eb400000, 0x00000000eb400000| Untracked 
| 181|0x00000000eb500000, 0x00000000eb500000, 0x00000000eb600000|  0%| F|  |TAMS 0x00000000eb500000, 0x00000000eb500000| Untracked 
| 182|0x00000000eb600000, 0x00000000eb600000, 0x00000000eb700000|  0%| F|  |TAMS 0x00000000eb600000, 0x00000000eb600000| Untracked 
| 183|0x00000000eb700000, 0x00000000eb700000, 0x00000000eb800000|  0%| F|  |TAMS 0x00000000eb700000, 0x00000000eb700000| Untracked 
| 184|0x00000000eb800000, 0x00000000eb800000, 0x00000000eb900000|  0%| F|  |TAMS 0x00000000eb800000, 0x00000000eb800000| Untracked 
| 185|0x00000000eb900000, 0x00000000eb900000, 0x00000000eba00000|  0%| F|  |TAMS 0x00000000eb900000, 0x00000000eb900000| Untracked 
| 186|0x00000000eba00000, 0x00000000eba00000, 0x00000000ebb00000|  0%| F|  |TAMS 0x00000000eba00000, 0x00000000eba00000| Untracked 
| 187|0x00000000ebb00000, 0x00000000ebb00000, 0x00000000ebc00000|  0%| F|  |TAMS 0x00000000ebb00000, 0x00000000ebb00000| Untracked 
| 188|0x00000000ebc00000, 0x00000000ebc00000, 0x00000000ebd00000|  0%| F|  |TAMS 0x00000000ebc00000, 0x00000000ebc00000| Untracked 
| 189|0x00000000ebd00000, 0x00000000ebd00000, 0x00000000ebe00000|  0%| F|  |TAMS 0x00000000ebd00000, 0x00000000ebd00000| Untracked 
| 190|0x00000000ebe00000, 0x00000000ebe00000, 0x00000000ebf00000|  0%| F|  |TAMS 0x00000000ebe00000, 0x00000000ebe00000| Untracked 
| 191|0x00000000ebf00000, 0x00000000ebf00000, 0x00000000ec000000|  0%| F|  |TAMS 0x00000000ebf00000, 0x00000000ebf00000| Untracked 
| 192|0x00000000ec000000, 0x00000000ec000000, 0x00000000ec100000|  0%| F|  |TAMS 0x00000000ec000000, 0x00000000ec000000| Untracked 
| 193|0x00000000ec100000, 0x00000000ec100000, 0x00000000ec200000|  0%| F|  |TAMS 0x00000000ec100000, 0x00000000ec100000| Untracked 
| 194|0x00000000ec200000, 0x00000000ec200000, 0x00000000ec300000|  0%| F|  |TAMS 0x00000000ec200000, 0x00000000ec200000| Untracked 
| 195|0x00000000ec300000, 0x00000000ec300000, 0x00000000ec400000|  0%| F|  |TAMS 0x00000000ec300000, 0x00000000ec300000| Untracked 
| 196|0x00000000ec400000, 0x00000000ec400000, 0x00000000ec500000|  0%| F|  |TAMS 0x00000000ec400000, 0x00000000ec400000| Untracked 
| 197|0x00000000ec500000, 0x00000000ec500000, 0x00000000ec600000|  0%| F|  |TAMS 0x00000000ec500000, 0x00000000ec500000| Untracked 
| 198|0x00000000ec600000, 0x00000000ec600000, 0x00000000ec700000|  0%| F|  |TAMS 0x00000000ec600000, 0x00000000ec600000| Untracked 
| 199|0x00000000ec700000, 0x00000000ec700000, 0x00000000ec800000|  0%| F|  |TAMS 0x00000000ec700000, 0x00000000ec700000| Untracked 
| 200|0x00000000ec800000, 0x00000000ec800000, 0x00000000ec900000|  0%| F|  |TAMS 0x00000000ec800000, 0x00000000ec800000| Untracked 
| 201|0x00000000ec900000, 0x00000000ec900000, 0x00000000eca00000|  0%| F|  |TAMS 0x00000000ec900000, 0x00000000ec900000| Untracked 
| 202|0x00000000eca00000, 0x00000000eca00000, 0x00000000ecb00000|  0%| F|  |TAMS 0x00000000eca00000, 0x00000000eca00000| Untracked 
| 203|0x00000000ecb00000, 0x00000000ecb00000, 0x00000000ecc00000|  0%| F|  |TAMS 0x00000000ecb00000, 0x00000000ecb00000| Untracked 
| 204|0x00000000ecc00000, 0x00000000ecc00000, 0x00000000ecd00000|  0%| F|  |TAMS 0x00000000ecc00000, 0x00000000ecc00000| Untracked 
| 205|0x00000000ecd00000, 0x00000000ecd00000, 0x00000000ece00000|  0%| F|  |TAMS 0x00000000ecd00000, 0x00000000ecd00000| Untracked 
| 206|0x00000000ece00000, 0x00000000ece00000, 0x00000000ecf00000|  0%| F|  |TAMS 0x00000000ece00000, 0x00000000ece00000| Untracked 
| 207|0x00000000ecf00000, 0x00000000ecf00000, 0x00000000ed000000|  0%| F|  |TAMS 0x00000000ecf00000, 0x00000000ecf00000| Untracked 
| 208|0x00000000ed000000, 0x00000000ed000000, 0x00000000ed100000|  0%| F|  |TAMS 0x00000000ed000000, 0x00000000ed000000| Untracked 
| 209|0x00000000ed100000, 0x00000000ed100000, 0x00000000ed200000|  0%| F|  |TAMS 0x00000000ed100000, 0x00000000ed100000| Untracked 
| 210|0x00000000ed200000, 0x00000000ed200000, 0x00000000ed300000|  0%| F|  |TAMS 0x00000000ed200000, 0x00000000ed200000| Untracked 
| 211|0x00000000ed300000, 0x00000000ed300000, 0x00000000ed400000|  0%| F|  |TAMS 0x00000000ed300000, 0x00000000ed300000| Untracked 
| 212|0x00000000ed400000, 0x00000000ed400000, 0x00000000ed500000|  0%| F|  |TAMS 0x00000000ed400000, 0x00000000ed400000| Untracked 
| 213|0x00000000ed500000, 0x00000000ed500000, 0x00000000ed600000|  0%| F|  |TAMS 0x00000000ed500000, 0x00000000ed500000| Untracked 
| 214|0x00000000ed600000, 0x00000000ed600000, 0x00000000ed700000|  0%| F|  |TAMS 0x00000000ed600000, 0x00000000ed600000| Untracked 
| 215|0x00000000ed700000, 0x00000000ed700000, 0x00000000ed800000|  0%| F|  |TAMS 0x00000000ed700000, 0x00000000ed700000| Untracked 
| 216|0x00000000ed800000, 0x00000000ed800000, 0x00000000ed900000|  0%| F|  |TAMS 0x00000000ed800000, 0x00000000ed800000| Untracked 
| 217|0x00000000ed900000, 0x00000000ed900000, 0x00000000eda00000|  0%| F|  |TAMS 0x00000000ed900000, 0x00000000ed900000| Untracked 
| 218|0x00000000eda00000, 0x00000000eda00000, 0x00000000edb00000|  0%| F|  |TAMS 0x00000000eda00000, 0x00000000eda00000| Untracked 
| 219|0x00000000edb00000, 0x00000000edb00000, 0x00000000edc00000|  0%| F|  |TAMS 0x00000000edb00000, 0x00000000edb00000| Untracked 
| 220|0x00000000edc00000, 0x00000000edc00000, 0x00000000edd00000|  0%| F|  |TAMS 0x00000000edc00000, 0x00000000edc00000| Untracked 
| 221|0x00000000edd00000, 0x00000000edd00000, 0x00000000ede00000|  0%| F|  |TAMS 0x00000000edd00000, 0x00000000edd00000| Untracked 
| 222|0x00000000ede00000, 0x00000000ede00000, 0x00000000edf00000|  0%| F|  |TAMS 0x00000000ede00000, 0x00000000ede00000| Untracked 
| 223|0x00000000edf00000, 0x00000000edf00000, 0x00000000ee000000|  0%| F|  |TAMS 0x00000000edf00000, 0x00000000edf00000| Untracked 
| 224|0x00000000ee000000, 0x00000000ee000000, 0x00000000ee100000|  0%| F|  |TAMS 0x00000000ee000000, 0x00000000ee000000| Untracked 
| 225|0x00000000ee100000, 0x00000000ee100000, 0x00000000ee200000|  0%| F|  |TAMS 0x00000000ee100000, 0x00000000ee100000| Untracked 
| 226|0x00000000ee200000, 0x00000000ee200000, 0x00000000ee300000|  0%| F|  |TAMS 0x00000000ee200000, 0x00000000ee200000| Untracked 
| 227|0x00000000ee300000, 0x00000000ee300000, 0x00000000ee400000|  0%| F|  |TAMS 0x00000000ee300000, 0x00000000ee300000| Untracked 
| 228|0x00000000ee400000, 0x00000000ee400000, 0x00000000ee500000|  0%| F|  |TAMS 0x00000000ee400000, 0x00000000ee400000| Untracked 
| 229|0x00000000ee500000, 0x00000000ee500000, 0x00000000ee600000|  0%| F|  |TAMS 0x00000000ee500000, 0x00000000ee500000| Untracked 
| 230|0x00000000ee600000, 0x00000000ee600000, 0x00000000ee700000|  0%| F|  |TAMS 0x00000000ee600000, 0x00000000ee600000| Untracked 
| 231|0x00000000ee700000, 0x00000000ee700000, 0x00000000ee800000|  0%| F|  |TAMS 0x00000000ee700000, 0x00000000ee700000| Untracked 
| 232|0x00000000ee800000, 0x00000000ee800000, 0x00000000ee900000|  0%| F|  |TAMS 0x00000000ee800000, 0x00000000ee800000| Untracked 
| 233|0x00000000ee900000, 0x00000000ee900000, 0x00000000eea00000|  0%| F|  |TAMS 0x00000000ee900000, 0x00000000ee900000| Untracked 
| 234|0x00000000eea00000, 0x00000000eea00000, 0x00000000eeb00000|  0%| F|  |TAMS 0x00000000eea00000, 0x00000000eea00000| Untracked 
| 235|0x00000000eeb00000, 0x00000000eeb00000, 0x00000000eec00000|  0%| F|  |TAMS 0x00000000eeb00000, 0x00000000eeb00000| Untracked 
| 236|0x00000000eec00000, 0x00000000eec00000, 0x00000000eed00000|  0%| F|  |TAMS 0x00000000eec00000, 0x00000000eec00000| Untracked 
| 237|0x00000000eed00000, 0x00000000eed00000, 0x00000000eee00000|  0%| F|  |TAMS 0x00000000eed00000, 0x00000000eed00000| Untracked 
| 238|0x00000000eee00000, 0x00000000eee00000, 0x00000000eef00000|  0%| F|  |TAMS 0x00000000eee00000, 0x00000000eee00000| Untracked 
| 239|0x00000000eef00000, 0x00000000eef00000, 0x00000000ef000000|  0%| F|  |TAMS 0x00000000eef00000, 0x00000000eef00000| Untracked 
| 240|0x00000000ef000000, 0x00000000ef000000, 0x00000000ef100000|  0%| F|  |TAMS 0x00000000ef000000, 0x00000000ef000000| Untracked 
| 241|0x00000000ef100000, 0x00000000ef100000, 0x00000000ef200000|  0%| F|  |TAMS 0x00000000ef100000, 0x00000000ef100000| Untracked 
| 242|0x00000000ef200000, 0x00000000ef200000, 0x00000000ef300000|  0%| F|  |TAMS 0x00000000ef200000, 0x00000000ef200000| Untracked 
| 243|0x00000000ef300000, 0x00000000ef300000, 0x00000000ef400000|  0%| F|  |TAMS 0x00000000ef300000, 0x00000000ef300000| Untracked 
| 244|0x00000000ef400000, 0x00000000ef400000, 0x00000000ef500000|  0%| F|  |TAMS 0x00000000ef400000, 0x00000000ef400000| Untracked 
| 245|0x00000000ef500000, 0x00000000ef500000, 0x00000000ef600000|  0%| F|  |TAMS 0x00000000ef500000, 0x00000000ef500000| Untracked 
| 246|0x00000000ef600000, 0x00000000ef600000, 0x00000000ef700000|  0%| F|  |TAMS 0x00000000ef600000, 0x00000000ef600000| Untracked 
| 247|0x00000000ef700000, 0x00000000ef700000, 0x00000000ef800000|  0%| F|  |TAMS 0x00000000ef700000, 0x00000000ef700000| Untracked 
| 248|0x00000000ef800000, 0x00000000ef800000, 0x00000000ef900000|  0%| F|  |TAMS 0x00000000ef800000, 0x00000000ef800000| Untracked 
| 249|0x00000000ef900000, 0x00000000ef900000, 0x00000000efa00000|  0%| F|  |TAMS 0x00000000ef900000, 0x00000000ef900000| Untracked 
| 250|0x00000000efa00000, 0x00000000efa00000, 0x00000000efb00000|  0%| F|  |TAMS 0x00000000efa00000, 0x00000000efa00000| Untracked 
| 251|0x00000000efb00000, 0x00000000efb00000, 0x00000000efc00000|  0%| F|  |TAMS 0x00000000efb00000, 0x00000000efb00000| Untracked 
| 252|0x00000000efc00000, 0x00000000efc5c098, 0x00000000efd00000| 35%| E|  |TAMS 0x00000000efc00000, 0x00000000efc00000| Complete 
| 253|0x00000000efd00000, 0x00000000efe00000, 0x00000000efe00000|100%| E|CS|TAMS 0x00000000efd00000, 0x00000000efd00000| Complete 
| 254|0x00000000efe00000, 0x00000000eff00000, 0x00000000eff00000|100%| E|  |TAMS 0x00000000efe00000, 0x00000000efe00000| Complete 
| 255|0x00000000eff00000, 0x00000000f0000000, 0x00000000f0000000|100%| E|CS|TAMS 0x00000000eff00000, 0x00000000eff00000| Complete 

Card table byte_map: [0x000001ee7a1d0000,0x000001ee7a2d0000] _byte_map_base: 0x000001ee79ad0000

Marking Bits (Prev, Next): (CMBitMap*) 0x000001ee798a54a8, (CMBitMap*) 0x000001ee798a5468
 Prev Bits: [0x000001ee7abd0000, 0x000001ee7b3d0000)
 Next Bits: [0x000001ee7a3d0000, 0x000001ee7abd0000)

Polling page: 0x000001ee78210000

Metaspace:

Usage:
  Non-class:     54.71 MB capacity,    52.90 MB ( 97%) used,     1.61 MB (  3%) free+waste,   205.88 KB ( <1%) overhead. 
      Class:      8.40 MB capacity,     7.74 MB ( 92%) used,   583.66 KB (  7%) free+waste,    97.56 KB (  1%) overhead. 
       Both:     63.12 MB capacity,    60.64 MB ( 96%) used,     2.18 MB (  3%) free+waste,   303.44 KB ( <1%) overhead. 

Virtual space:
  Non-class space:       56.00 MB reserved,      54.75 MB ( 98%) committed 
      Class space:      248.00 MB reserved,       8.50 MB (  3%) committed 
             Both:      304.00 MB reserved,      63.25 MB ( 21%) committed 

Chunk freelists:
   Non-Class:  36.00 KB
       Class:  0 bytes
        Both:  36.00 KB

MaxMetaspaceSize: 256.00 MB
CompressedClassSpaceSize: 248.00 MB

CodeHeap 'non-profiled nmethods': size=120000Kb used=5833Kb max_used=5833Kb free=114166Kb
 bounds [0x000001ee0ff00000, 0x000001ee104c0000, 0x000001ee17430000]
CodeHeap 'profiled nmethods': size=120000Kb used=24466Kb max_used=24466Kb free=95533Kb
 bounds [0x000001ee089d0000, 0x000001ee0a1c0000, 0x000001ee0ff00000]
CodeHeap 'non-nmethods': size=5760Kb used=2375Kb max_used=2435Kb free=3384Kb
 bounds [0x000001ee08430000, 0x000001ee086a0000, 0x000001ee089d0000]
 total_blobs=15357 nmethods=10199 adapters=765
 compilation: enabled
              stopped_count=0, restarted_count=0
 full_count=0

Compilation events (20 events):
Event: 6923.141 Thread 0x000001ee7d9f0000 nmethod 11386 0x000001ee0a1b3e90 code [0x000001ee0a1b4040, 0x000001ee0a1b4280]
Event: 6923.142 Thread 0x000001ee7d9f0000 11388       2       com.esotericsoftware.kryo.io.Output::<init> (64 bytes)
Event: 6923.143 Thread 0x000001ee7d9f0000 nmethod 11388 0x000001ee0a1b4390 code [0x000001ee0a1b4580, 0x000001ee0a1b4a10]
Event: 6923.155 Thread 0x000001ee7d9f0000 11389       2       org.gradle.api.JavaVersion::current (21 bytes)
Event: 6923.155 Thread 0x000001ee7d9f0000 nmethod 11389 0x000001ee0a1b4b90 code [0x000001ee0a1b4d80, 0x000001ee0a1b5000]
Event: 6923.176 Thread 0x000001ee7d9ed800 nmethod 11378 0x000001ee104b0510 code [0x000001ee104b06e0, 0x000001ee104b1868]
Event: 6923.176 Thread 0x000001ee7d9ed800 11343       4       com.sun.tools.javac.jvm.ClassReader::readClass (557 bytes)
Event: 6923.176 Thread 0x000001ee7d9f0000 11390       1       org.gradle.api.internal.tasks.properties.InputFilePropertyType::getValidationAction (5 bytes)
Event: 6923.176 Thread 0x000001ee7d9f0000 nmethod 11390 0x000001ee104b1e90 code [0x000001ee104b2020, 0x000001ee104b2158]
Event: 6923.178 Thread 0x000001ee7d9f0000 11391       2       org.gradle.internal.instantiation.generator.ManagedObjectFactory::applyRole (12 bytes)
Event: 6923.178 Thread 0x000001ee7d9f0000 nmethod 11391 0x000001ee0a1b5110 code [0x000001ee0a1b52c0, 0x000001ee0a1b55d0]
Event: 6923.179 Thread 0x000001ee7d9f0000 11392       2       org.gradle.api.internal.tasks.properties.bean.NestedRuntimeBeanNode::getImplementationClass (81 bytes)
Event: 6923.180 Thread 0x000001ee7d9f0000 nmethod 11392 0x000001ee0a1b5710 code [0x000001ee0a1b5980, 0x000001ee0a1b6290]
Event: 6923.182 Thread 0x000001ee7d9f0000 11393       1       org.gradle.api.internal.project.DefaultProjectStateRegistry$ProjectStateImpl::getAccessLock (5 bytes)
Event: 6923.182 Thread 0x000001ee7d9f0000 nmethod 11393 0x000001ee104b2210 code [0x000001ee104b23a0, 0x000001ee104b24d8]
Event: 6923.183 Thread 0x000001ee7d9f0000 11394       2       com.google.common.collect.Synchronized$SynchronizedListMultimap::delegate (5 bytes)
Event: 6923.184 Thread 0x000001ee7d9f0000 nmethod 11394 0x000001ee0a1b6790 code [0x000001ee0a1b6940, 0x000001ee0a1b6b78]
Event: 6923.200 Thread 0x000001ee7d9f0000 11395       2       java.io.ObjectOutputStream$HandleTable::clear (27 bytes)
Event: 6923.200 Thread 0x000001ee7d9f0000 nmethod 11395 0x000001ee0a1b6c90 code [0x000001ee0a1b6e60, 0x000001ee0a1b7120]
Event: 6923.212 Thread 0x000001ee7d9f0000 11396   !   2       org.codehaus.groovy.runtime.metaclass.ClosureMetaClass::invokeMethod (872 bytes)

GC Heap History (20 events):
Event: 3.251 GC heap before
{Heap before GC invocations=3 (full 0):
 garbage-first heap   total 262144K, used 56914K [0x00000000e0000000, 0x0000000100000000)
  region size 1024K, 47 young (48128K), 4 survivors (4096K)
 Metaspace       used 11491K, capacity 11884K, committed 12032K, reserved 264192K
  class space    used 1653K, capacity 1787K, committed 1792K, reserved 253952K
}
Event: 3.258 GC heap after
{Heap after GC invocations=4 (full 0):
 garbage-first heap   total 262144K, used 16058K [0x00000000e0000000, 0x0000000100000000)
  region size 1024K, 3 young (3072K), 3 survivors (3072K)
 Metaspace       used 11491K, capacity 11884K, committed 12032K, reserved 264192K
  class space    used 1653K, capacity 1787K, committed 1792K, reserved 253952K
}
Event: 4.121 GC heap before
{Heap before GC invocations=4 (full 0):
 garbage-first heap   total 262144K, used 75450K [0x00000000e0000000, 0x0000000100000000)
  region size 1024K, 61 young (62464K), 3 survivors (3072K)
 Metaspace       used 18465K, capacity 19134K, committed 19456K, reserved 270336K
  class space    used 2733K, capacity 2955K, committed 3072K, reserved 253952K
}
Event: 4.132 GC heap after
{Heap after GC invocations=5 (full 0):
 garbage-first heap   total 262144K, used 18386K [0x00000000e0000000, 0x0000000100000000)
  region size 1024K, 6 young (6144K), 6 survivors (6144K)
 Metaspace       used 18465K, capacity 19134K, committed 19456K, reserved 270336K
  class space    used 2733K, capacity 2955K, committed 3072K, reserved 253952K
}
Event: 4.462 GC heap before
{Heap before GC invocations=5 (full 0):
 garbage-first heap   total 262144K, used 39890K [0x00000000e0000000, 0x0000000100000000)
  region size 1024K, 28 young (28672K), 6 survivors (6144K)
 Metaspace       used 20569K, capacity 21147K, committed 21248K, reserved 272384K
  class space    used 3069K, capacity 3287K, committed 3328K, reserved 253952K
}
Event: 4.472 GC heap after
{Heap after GC invocations=6 (full 0):
 garbage-first heap   total 262144K, used 19162K [0x00000000e0000000, 0x0000000100000000)
  region size 1024K, 6 young (6144K), 6 survivors (6144K)
 Metaspace       used 20569K, capacity 21147K, committed 21248K, reserved 272384K
  class space    used 3069K, capacity 3287K, committed 3328K, reserved 253952K
}
Event: 6.227 GC heap before
{Heap before GC invocations=7 (full 0):
 garbage-first heap   total 262144K, used 105178K [0x00000000e0000000, 0x0000000100000000)
  region size 1024K, 87 young (89088K), 6 survivors (6144K)
 Metaspace       used 33909K, capacity 34706K, committed 34816K, reserved 284672K
  class space    used 4535K, capacity 4790K, committed 4864K, reserved 253952K
}
Event: 6.244 GC heap after
{Heap after GC invocations=8 (full 0):
 garbage-first heap   total 262144K, used 25799K [0x00000000e0000000, 0x0000000100000000)
  region size 1024K, 10 young (10240K), 10 survivors (10240K)
 Metaspace       used 33909K, capacity 34706K, committed 34816K, reserved 284672K
  class space    used 4535K, capacity 4790K, committed 4864K, reserved 253952K
}
Event: 6.396 GC heap before
{Heap before GC invocations=8 (full 0):
 garbage-first heap   total 262144K, used 35015K [0x00000000e0000000, 0x0000000100000000)
  region size 1024K, 19 young (19456K), 10 survivors (10240K)
 Metaspace       used 34962K, capacity 35748K, committed 35840K, reserved 286720K
  class space    used 4650K, capacity 4924K, committed 4992K, reserved 253952K
}
Event: 6.415 GC heap after
{Heap after GC invocations=9 (full 0):
 garbage-first heap   total 262144K, used 27321K [0x00000000e0000000, 0x0000000100000000)
  region size 1024K, 8 young (8192K), 8 survivors (8192K)
 Metaspace       used 34962K, capacity 35748K, committed 35840K, reserved 286720K
  class space    used 4650K, capacity 4924K, committed 4992K, reserved 253952K
}
Event: 7.932 GC heap before
{Heap before GC invocations=10 (full 0):
 garbage-first heap   total 262144K, used 116409K [0x00000000e0000000, 0x0000000100000000)
  region size 1024K, 95 young (97280K), 8 survivors (8192K)
 Metaspace       used 41811K, capacity 42933K, committed 43264K, reserved 292864K
  class space    used 5654K, capacity 6022K, committed 6144K, reserved 253952K
}
Event: 7.970 GC heap after
{Heap after GC invocations=11 (full 0):
 garbage-first heap   total 262144K, used 32638K [0x00000000e0000000, 0x0000000100000000)
  region size 1024K, 7 young (7168K), 7 survivors (7168K)
 Metaspace       used 41811K, capacity 42933K, committed 43264K, reserved 292864K
  class space    used 5654K, capacity 6022K, committed 6144K, reserved 253952K
}
Event: 12.035 GC heap before
{Heap before GC invocations=12 (full 0):
 garbage-first heap   total 262144K, used 140158K [0x00000000e0000000, 0x0000000100000000)
  region size 1024K, 111 young (113664K), 7 survivors (7168K)
 Metaspace       used 55935K, capacity 57620K, committed 57856K, reserved 305152K
  class space    used 7546K, capacity 8117K, committed 8192K, reserved 253952K
}
Event: 12.055 GC heap after
{Heap after GC invocations=13 (full 0):
 garbage-first heap   total 262144K, used 39670K [0x00000000e0000000, 0x0000000100000000)
  region size 1024K, 14 young (14336K), 14 survivors (14336K)
 Metaspace       used 55935K, capacity 57620K, committed 57856K, reserved 305152K
  class space    used 7546K, capacity 8117K, committed 8192K, reserved 253952K
}
Event: 1227.813 GC heap before
{Heap before GC invocations=13 (full 0):
 garbage-first heap   total 262144K, used 161526K [0x00000000e0000000, 0x0000000100000000)
  region size 1024K, 134 young (137216K), 14 survivors (14336K)
 Metaspace       used 59611K, capacity 61627K, committed 61824K, reserved 307200K
  class space    used 7825K, capacity 8476K, committed 8576K, reserved 253952K
}
Event: 1227.851 GC heap after
{Heap after GC invocations=14 (full 0):
 garbage-first heap   total 262144K, used 43234K [0x00000000e0000000, 0x0000000100000000)
  region size 1024K, 11 young (11264K), 11 survivors (11264K)
 Metaspace       used 59611K, capacity 61627K, committed 61824K, reserved 307200K
  class space    used 7825K, capacity 8476K, committed 8576K, reserved 253952K
}
Event: 3138.591 GC heap before
{Heap before GC invocations=14 (full 0):
 garbage-first heap   total 262144K, used 187618K [0x00000000e0000000, 0x0000000100000000)
  region size 1024K, 153 young (156672K), 11 survivors (11264K)
 Metaspace       used 61119K, capacity 63483K, committed 63616K, reserved 309248K
  class space    used 7874K, capacity 8540K, committed 8576K, reserved 253952K
}
Event: 3138.609 GC heap after
{Heap after GC invocations=15 (full 0):
 garbage-first heap   total 262144K, used 44975K [0x00000000e0000000, 0x0000000100000000)
  region size 1024K, 7 young (7168K), 7 survivors (7168K)
 Metaspace       used 61119K, capacity 63483K, committed 63616K, reserved 309248K
  class space    used 7874K, capacity 8540K, committed 8576K, reserved 253952K
}
Event: 6923.087 GC heap before
{Heap before GC invocations=15 (full 0):
 garbage-first heap   total 262144K, used 193455K [0x00000000e0000000, 0x0000000100000000)
  region size 1024K, 153 young (156672K), 7 survivors (7168K)
 Metaspace       used 62064K, capacity 64564K, committed 64768K, reserved 311296K
  class space    used 7921K, capacity 8602K, committed 8704K, reserved 253952K
}
Event: 6923.108 GC heap after
{Heap after GC invocations=16 (full 0):
 garbage-first heap   total 262144K, used 48336K [0x00000000e0000000, 0x0000000100000000)
  region size 1024K, 10 young (10240K), 10 survivors (10240K)
 Metaspace       used 62064K, capacity 64564K, committed 64768K, reserved 311296K
  class space    used 7921K, capacity 8602K, committed 8704K, reserved 253952K
}

Deoptimization events (20 events):
Event: 6628.792 Thread 0x000001ee2362b000 Uncommon trap: trap_request=0xffffff45 fr.pc=0x000001ee100c730c relative=0x000000000000044c
Event: 6628.792 Thread 0x000001ee2362b000 Uncommon trap: reason=unstable_if action=reinterpret pc=0x000001ee100c730c method=java.lang.ref.SoftReference.get()Ljava/lang/Object; @ 6 c2
Event: 6628.792 Thread 0x000001ee2362b000 DEOPT PACKING pc=0x000001ee100c730c sp=0x000000409b1fb390
Event: 6628.792 Thread 0x000001ee2362b000 DEOPT UNPACKING pc=0x000001ee0847912f sp=0x000000409b1fb2d8 mode 2
Event: 6628.793 Thread 0x000001ee2362b000 Uncommon trap: trap_request=0xffffff45 fr.pc=0x000001ee10014364 relative=0x00000000000000c4
Event: 6628.793 Thread 0x000001ee2362b000 Uncommon trap: reason=unstable_if action=reinterpret pc=0x000001ee10014364 method=java.lang.ref.SoftReference.get()Ljava/lang/Object; @ 6 c2
Event: 6628.793 Thread 0x000001ee2362b000 DEOPT PACKING pc=0x000001ee10014364 sp=0x000000409b1fd0c0
Event: 6628.793 Thread 0x000001ee2362b000 DEOPT UNPACKING pc=0x000001ee0847912f sp=0x000000409b1fd078 mode 2
Event: 6688.786 Thread 0x000001ee2424a800 Uncommon trap: trap_request=0xffffff45 fr.pc=0x000001ee0ff8f214 relative=0x0000000000000174
Event: 6688.786 Thread 0x000001ee2424a800 Uncommon trap: reason=unstable_if action=reinterpret pc=0x000001ee0ff8f214 method=java.util.concurrent.locks.ReentrantLock$Sync.nonfairTryAcquire(I)Z @ 19 c2
Event: 6688.786 Thread 0x000001ee2424a800 DEOPT PACKING pc=0x000001ee0ff8f214 sp=0x000000409d4fee20
Event: 6688.786 Thread 0x000001ee2424a800 DEOPT UNPACKING pc=0x000001ee0847912f sp=0x000000409d4fed50 mode 2
Event: 6922.967 Thread 0x000001ee24249800 DEOPT PACKING pc=0x000001ee09452e2a sp=0x000000409b1f66c0
Event: 6922.967 Thread 0x000001ee24249800 DEOPT UNPACKING pc=0x000001ee0847964e sp=0x000000409b1f5c58 mode 0
Event: 6923.024 Thread 0x000001ee24249800 DEOPT PACKING pc=0x000001ee0980f8d6 sp=0x000000409b1f6c10
Event: 6923.024 Thread 0x000001ee24249800 DEOPT UNPACKING pc=0x000001ee0847964e sp=0x000000409b1f60f8 mode 0
Event: 6923.108 Thread 0x000001ee24249800 Uncommon trap: trap_request=0xfffffff4 fr.pc=0x000001ee101e0de4 relative=0x0000000000000d04
Event: 6923.108 Thread 0x000001ee24249800 Uncommon trap: reason=null_check action=make_not_entrant pc=0x000001ee101e0de4 method=com.sun.tools.javac.util.UnsharedNameTable.fromUtf([BII)Lcom/sun/tools/javac/util/Name; @ 50 c2
Event: 6923.108 Thread 0x000001ee24249800 DEOPT PACKING pc=0x000001ee101e0de4 sp=0x000000409b1f4aa0
Event: 6923.108 Thread 0x000001ee24249800 DEOPT UNPACKING pc=0x000001ee0847912f sp=0x000000409b1f4a48 mode 2

Classes unloaded (0 events):
No events

Classes redefined (0 events):
No events

Internal exceptions (20 events):
Event: 6628.504 Thread 0x000001ee2362b000 Exception <a 'sun/nio/fs/WindowsException'{0x00000000e8eaa588}> (0x00000000e8eaa588) 
thrown [t:/workspace/open/src/hotspot/share/prims/jni.cpp, line 598]
Event: 6628.507 Thread 0x000001ee2362b000 Exception <a 'sun/nio/fs/WindowsException'{0x00000000e8eb5d10}> (0x00000000e8eb5d10) 
thrown [t:/workspace/open/src/hotspot/share/prims/jni.cpp, line 598]
Event: 6628.518 Thread 0x000001ee2362b000 Exception <a 'sun/nio/fs/WindowsException'{0x00000000e8d3c728}> (0x00000000e8d3c728) 
thrown [t:/workspace/open/src/hotspot/share/prims/jni.cpp, line 598]
Event: 6628.557 Thread 0x000001ee2362b000 Exception <a 'sun/nio/fs/WindowsException'{0x00000000e8b59b00}> (0x00000000e8b59b00) 
thrown [t:/workspace/open/src/hotspot/share/prims/jni.cpp, line 598]
Event: 6628.782 Thread 0x000001ee1f8aa800 Exception <a 'java/lang/reflect/InvocationTargetException'{0x00000000e8abcd58}> (0x00000000e8abcd58) 
thrown [t:/workspace/open/src/hotspot/share/runtime/reflection.cpp, line 1188]
Event: 6628.792 Thread 0x000001ee2362b000 Implicit null exception at 0x000001ee1032095d to 0x000001ee1032251a
Event: 6628.792 Thread 0x000001ee2362b000 Implicit null exception at 0x000001ee100c6f36 to 0x000001ee100c72f6
Event: 6922.975 Thread 0x000001ee24249800 Exception <a 'sun/nio/fs/WindowsException'{0x00000000e7bf52a0}> (0x00000000e7bf52a0) 
thrown [t:/workspace/open/src/hotspot/share/prims/jni.cpp, line 598]
Event: 6922.975 Thread 0x000001ee24249800 Exception <a 'sun/nio/fs/WindowsException'{0x00000000e7bf55a0}> (0x00000000e7bf55a0) 
thrown [t:/workspace/open/src/hotspot/share/prims/jni.cpp, line 598]
Event: 6923.004 Thread 0x000001ee24249800 Exception <a 'sun/nio/fs/WindowsException'{0x00000000e7550698}> (0x00000000e7550698) 
thrown [t:/workspace/open/src/hotspot/share/prims/jni.cpp, line 598]
Event: 6923.004 Thread 0x000001ee24249800 Exception <a 'sun/nio/fs/WindowsException'{0x00000000e7550968}> (0x00000000e7550968) 
thrown [t:/workspace/open/src/hotspot/share/prims/jni.cpp, line 598]
Event: 6923.007 Thread 0x000001ee24249800 Exception <a 'sun/nio/fs/WindowsException'{0x00000000e7474458}> (0x00000000e7474458) 
thrown [t:/workspace/open/src/hotspot/share/prims/jni.cpp, line 598]
Event: 6923.008 Thread 0x000001ee24249800 Exception <a 'sun/nio/fs/WindowsException'{0x00000000e7474710}> (0x00000000e7474710) 
thrown [t:/workspace/open/src/hotspot/share/prims/jni.cpp, line 598]
Event: 6923.028 Thread 0x000001ee24249800 Exception <a 'sun/nio/fs/WindowsException'{0x00000000e6f1e578}> (0x00000000e6f1e578) 
thrown [t:/workspace/open/src/hotspot/share/prims/jni.cpp, line 598]
Event: 6923.029 Thread 0x000001ee24249800 Exception <a 'sun/nio/fs/WindowsException'{0x00000000e6f1ff30}> (0x00000000e6f1ff30) 
thrown [t:/workspace/open/src/hotspot/share/prims/jni.cpp, line 598]
Event: 6923.037 Thread 0x000001ee24249800 Exception <a 'sun/nio/fs/WindowsException'{0x00000000e6f2c088}> (0x00000000e6f2c088) 
thrown [t:/workspace/open/src/hotspot/share/prims/jni.cpp, line 598]
Event: 6923.040 Thread 0x000001ee24249800 Exception <a 'sun/nio/fs/WindowsException'{0x00000000e6f38300}> (0x00000000e6f38300) 
thrown [t:/workspace/open/src/hotspot/share/prims/jni.cpp, line 598]
Event: 6923.064 Thread 0x000001ee24249800 Exception <a 'sun/nio/fs/WindowsException'{0x00000000e6e15c60}> (0x00000000e6e15c60) 
thrown [t:/workspace/open/src/hotspot/share/prims/jni.cpp, line 598]
Event: 6923.108 Thread 0x000001ee24249800 Implicit null exception at 0x000001ee101e07a5 to 0x000001ee101e0daa
Event: 6923.125 Thread 0x000001ee24249800 Exception <a 'sun/nio/fs/WindowsException'{0x00000000efeda250}> (0x00000000efeda250) 
thrown [t:/workspace/open/src/hotspot/share/prims/jni.cpp, line 598]

Events (20 events):
Event: 6922.811 Thread 0x000001ee2424f800 Thread added: 0x000001ee2424f800
Event: 6922.815 Thread 0x000001ee24250800 Thread added: 0x000001ee24250800
Event: 6922.818 Thread 0x000001ee2424a800 Thread added: 0x000001ee2424a800
Event: 6922.841 Thread 0x000001ee21fed800 Thread added: 0x000001ee21fed800
Event: 6922.853 Thread 0x000001ee24252000 Thread added: 0x000001ee24252000
Event: 6922.904 Thread 0x000001ee24253800 Thread added: 0x000001ee24253800
Event: 6922.904 Thread 0x000001ee24251000 Thread added: 0x000001ee24251000
Event: 6922.904 Executing VM operation: RevokeBias
Event: 6922.904 Thread 0x000001ee24256000 Thread added: 0x000001ee24256000
Event: 6922.904 Executing VM operation: RevokeBias done
Event: 6922.908 Thread 0x000001ee24255000 Thread added: 0x000001ee24255000
Event: 6922.925 Thread 0x000001ee24252800 Thread added: 0x000001ee24252800
Event: 6922.937 Thread 0x000001ee24254800 Thread added: 0x000001ee24254800
Event: 6922.940 Thread 0x000001ee23630800 Thread added: 0x000001ee23630800
Event: 6923.086 Executing VM operation: G1CollectForAllocation
Event: 6923.108 Executing VM operation: G1CollectForAllocation done
Event: 6923.158 Executing VM operation: RevokeBias
Event: 6923.174 Executing VM operation: RevokeBias done
Event: 6923.175 Executing VM operation: RevokeBias
Event: 6923.176 Executing VM operation: RevokeBias done


Dynamic libraries:
0x00007ff68b4f0000 - 0x00007ff68b4fd000 	C:\Program Files\Java\jdk-13.0.2\bin\java.exe
0x00007ff918bf0000 - 0x00007ff918de5000 	C:\WINDOWS\SYSTEM32\ntdll.dll
0x00007ff918280000 - 0x00007ff91833e000 	C:\WINDOWS\System32\KERNEL32.DLL
0x00007ff916310000 - 0x00007ff9165d9000 	C:\WINDOWS\System32\KERNELBASE.dll
0x00007ff916b40000 - 0x00007ff916c40000 	C:\WINDOWS\System32\ucrtbase.dll
0x00007ff9119b0000 - 0x00007ff9119c8000 	C:\Program Files\Java\jdk-13.0.2\bin\jli.dll
0x00007ff903ec0000 - 0x00007ff903ed5000 	C:\Program Files\Java\jdk-13.0.2\bin\VCRUNTIME140.dll
0x00007ff916eb0000 - 0x00007ff917051000 	C:\WINDOWS\System32\USER32.dll
0x00007ff9167e0000 - 0x00007ff916802000 	C:\WINDOWS\System32\win32u.dll
0x00007ff916cf0000 - 0x00007ff916d1b000 	C:\WINDOWS\System32\GDI32.dll
0x00007ff903a60000 - 0x00007ff903cfa000 	C:\WINDOWS\WinSxS\amd64_microsoft.windows.common-controls_6595b64144ccf1df_6.0.19041.1110_none_60b5254171f9507e\COMCTL32.dll
0x00007ff916840000 - 0x00007ff91694b000 	C:\WINDOWS\System32\gdi32full.dll
0x00007ff916740000 - 0x00007ff9167dd000 	C:\WINDOWS\System32\msvcp_win.dll
0x00007ff9181e0000 - 0x00007ff91827e000 	C:\WINDOWS\System32\msvcrt.dll
0x00007ff917580000 - 0x00007ff9175b0000 	C:\WINDOWS\System32\IMM32.DLL
0x00007ff8f2430000 - 0x00007ff8f24cb000 	C:\Program Files\Java\jdk-13.0.2\bin\msvcp140.dll
0x00007ff8dd4d0000 - 0x00007ff8de02d000 	C:\Program Files\Java\jdk-13.0.2\bin\server\jvm.dll
0x00007ff917610000 - 0x00007ff9176bc000 	C:\WINDOWS\System32\ADVAPI32.dll
0x00007ff917060000 - 0x00007ff9170fb000 	C:\WINDOWS\System32\sechost.dll
0x00007ff918a20000 - 0x00007ff918b4a000 	C:\WINDOWS\System32\RPCRT4.dll
0x00007ff917e10000 - 0x00007ff917e18000 	C:\WINDOWS\System32\PSAPI.DLL
0x00007ff90a700000 - 0x00007ff90a727000 	C:\WINDOWS\SYSTEM32\WINMM.dll
0x00007ff9111b0000 - 0x00007ff9111ba000 	C:\WINDOWS\SYSTEM32\VERSION.dll
0x00007ff911a70000 - 0x00007ff911a79000 	C:\WINDOWS\SYSTEM32\WSOCK32.dll
0x00007ff918470000 - 0x00007ff9184db000 	C:\WINDOWS\System32\WS2_32.dll
0x00007ff914130000 - 0x00007ff914142000 	C:\WINDOWS\SYSTEM32\kernel.appcore.dll
0x00007ff911f60000 - 0x00007ff911f70000 	C:\Program Files\Java\jdk-13.0.2\bin\verify.dll
0x00007ff910180000 - 0x00007ff910364000 	C:\WINDOWS\SYSTEM32\DBGHELP.DLL
0x00007ff910030000 - 0x00007ff91005c000 	C:\WINDOWS\SYSTEM32\dbgcore.DLL
0x00007ff916ab0000 - 0x00007ff916b33000 	C:\WINDOWS\System32\bcryptPrimitives.dll
0x00007ff903e90000 - 0x00007ff903eb6000 	C:\Program Files\Java\jdk-13.0.2\bin\java.dll
0x00007ff9033e0000 - 0x00007ff9033f7000 	C:\Program Files\Java\jdk-13.0.2\bin\zip.dll
0x00007ff9119e0000 - 0x00007ff9119ea000 	C:\Program Files\Java\jdk-13.0.2\bin\jimage.dll
0x00007ff9176d0000 - 0x00007ff917e0f000 	C:\WINDOWS\System32\SHELL32.dll
0x00007ff914410000 - 0x00007ff914ba0000 	C:\WINDOWS\SYSTEM32\windows.storage.dll
0x00007ff918600000 - 0x00007ff918955000 	C:\WINDOWS\System32\combase.dll
0x00007ff915d60000 - 0x00007ff915d8c000 	C:\WINDOWS\SYSTEM32\Wldp.dll
0x00007ff916e00000 - 0x00007ff916eae000 	C:\WINDOWS\System32\SHCORE.dll
0x00007ff918960000 - 0x00007ff9189b5000 	C:\WINDOWS\System32\shlwapi.dll
0x00007ff916250000 - 0x00007ff91626f000 	C:\WINDOWS\SYSTEM32\profapi.dll
0x00007ff9033c0000 - 0x00007ff9033d9000 	C:\Program Files\java\jdk-13.0.2\bin\net.dll
0x00007ff90fe00000 - 0x00007ff90ff08000 	C:\WINDOWS\SYSTEM32\WINHTTP.dll
0x00007ff915a50000 - 0x00007ff915aba000 	C:\WINDOWS\system32\mswsock.dll
0x00007ff8ffe20000 - 0x00007ff8ffe33000 	C:\Program Files\java\jdk-13.0.2\bin\nio.dll
0x00007ff8fce20000 - 0x00007ff8fce47000 	C:\Users\manos\.gradle\native\fdc75f09e3144964f2cf3f50f0aa648679c211496f362492102eb8c894070792\windows-amd64\native-platform.dll
0x00007ff8e16a0000 - 0x00007ff8e1836000 	C:\Users\manos\.gradle\native\12488b8bf47d2d4c9fbf2f6322a914ad602e24e48041cd04a747c6da556b65c4\windows-amd64\native-platform-file-events.dll
0x00007ff90e9d0000 - 0x00007ff90e9d9000 	C:\Program Files\java\jdk-13.0.2\bin\management.dll
0x00007ff90e9b0000 - 0x00007ff90e9bb000 	C:\Program Files\java\jdk-13.0.2\bin\management_ext.dll
0x00007ff915c60000 - 0x00007ff915c78000 	C:\WINDOWS\SYSTEM32\CRYPTSP.dll
0x00007ff915370000 - 0x00007ff9153a4000 	C:\WINDOWS\system32\rsaenh.dll
0x00007ff916810000 - 0x00007ff916837000 	C:\WINDOWS\System32\bcrypt.dll
0x00007ff916210000 - 0x00007ff91623e000 	C:\WINDOWS\SYSTEM32\USERENV.dll
0x00007ff915c80000 - 0x00007ff915c8c000 	C:\WINDOWS\SYSTEM32\CRYPTBASE.dll
0x00007ff9156e0000 - 0x00007ff91571b000 	C:\WINDOWS\SYSTEM32\IPHLPAPI.DLL
0x00007ff9176c0000 - 0x00007ff9176c8000 	C:\WINDOWS\System32\NSI.dll
0x00007ff911790000 - 0x00007ff9117a7000 	C:\WINDOWS\SYSTEM32\dhcpcsvc6.DLL
0x00007ff911760000 - 0x00007ff91177d000 	C:\WINDOWS\SYSTEM32\dhcpcsvc.DLL
0x00007ff915720000 - 0x00007ff9157ec000 	C:\WINDOWS\SYSTEM32\DNSAPI.dll
0x00007ff9117b0000 - 0x00007ff9117bb000 	C:\WINDOWS\SYSTEM32\WINNSI.DLL

dbghelp: loaded successfully - version: 4.0.5 - missing functions: none
symbol engine: initialized successfully - sym options: 0x614 - pdb path: .;C:\Program Files\Java\jdk-13.0.2\bin;C:\WINDOWS\SYSTEM32;C:\WINDOWS\WinSxS\amd64_microsoft.windows.common-controls_6595b64144ccf1df_6.0.19041.1110_none_60b5254171f9507e;C:\Program Files\Java\jdk-13.0.2\bin\server;C:\Users\manos\.gradle\native\fdc75f09e3144964f2cf3f50f0aa648679c211496f362492102eb8c894070792\windows-amd64;C:\Users\manos\.gradle\native\12488b8bf47d2d4c9fbf2f6322a914ad602e24e48041cd04a747c6da556b65c4\windows-amd64

VM Arguments:
jvm_args: --add-opens=java.base/java.util=ALL-UNNAMED --add-opens=java.base/java.lang=ALL-UNNAMED --add-opens=java.base/java.lang.invoke=ALL-UNNAMED --add-opens=java.prefs/java.util.prefs=ALL-UNNAMED -XX:MaxMetaspaceSize=256m -XX:+HeapDumpOnOutOfMemoryError -Xms256m -Xmx512m -Dfile.encoding=UTF-8 -Duser.country=US -Duser.language=en -Duser.variant 
java_command: org.gradle.launcher.daemon.bootstrap.GradleDaemon 6.7
java_class_path (initial): C:\Users\manos\.gradle\wrapper\dists\gradle-6.7-bin\efvqh8uyq79v2n7rcncuhu9sv\gradle-6.7\lib\gradle-launcher-6.7.jar
Launcher Type: SUN_STANDARD

[Global flags]
     intx CICompilerCount                          = 3                                         {product} {ergonomic}
   size_t CompressedClassSpaceSize                 = 260046848                                 {product} {ergonomic}
     uint ConcGCThreads                            = 1                                         {product} {ergonomic}
     uint G1ConcRefinementThreads                  = 4                                         {product} {ergonomic}
   size_t G1HeapRegionSize                         = 1048576                                   {product} {ergonomic}
    uintx GCDrainStackTargetSize                   = 64                                        {product} {ergonomic}
     bool HeapDumpOnOutOfMemoryError               = true                                   {manageable} {command line}
   size_t InitialHeapSize                          = 268435456                                 {product} {command line}
   size_t MarkStackSize                            = 4194304                                   {product} {ergonomic}
   size_t MaxHeapSize                              = 536870912                                 {product} {command line}
   size_t MaxMetaspaceSize                         = 268435456                                 {product} {command line}
   size_t MaxNewSize                               = 321912832                                 {product} {ergonomic}
   size_t MinHeapDeltaBytes                        = 1048576                                   {product} {ergonomic}
   size_t MinHeapSize                              = 268435456                                 {product} {command line}
    uintx NonNMethodCodeHeapSize                   = 5832780                                {pd product} {ergonomic}
    uintx NonProfiledCodeHeapSize                  = 122912730                              {pd product} {ergonomic}
    uintx ProfiledCodeHeapSize                     = 122912730                              {pd product} {ergonomic}
    uintx ReservedCodeCacheSize                    = 251658240                              {pd product} {ergonomic}
     bool SegmentedCodeCache                       = true                                      {product} {ergonomic}
   size_t SoftMaxHeapSize                          = 536870912                              {manageable} {ergonomic}
     bool UseCompressedClassPointers               = true                                 {lp64_product} {ergonomic}
     bool UseCompressedOops                        = true                                 {lp64_product} {ergonomic}
     bool UseG1GC                                  = true                                      {product} {ergonomic}
     bool UseLargePagesIndividualAllocation        = false                                  {pd product} {ergonomic}

Logging:
Log output configuration:
 #0: stdout all=warning uptime,level,tags
 #1: stderr all=off uptime,level,tags

Environment Variables:
JAVA_HOME=C:\Program Files\java\jdk-13.0.2
PATH=C:\Program Files\java\jdk-13.0.2\bin;C:\Windows\system32;C:\Windows;C:\Windows\System32\Wbem;C:\Windows\System32\WindowsPowerShell\v1.0\;C:\Windows\System32\OpenSSH\;C:\Program Files (x86)\NVIDIA Corporation\PhysX\Common;C:\Program Files\NVIDIA Corporation\NVIDIA NvDLISR;C:\ProgramData\chocolatey\bin;C:\apache-ant-1.10.7\bin;C:\gradle-6.2.1\bin;C:\apache-maven-3.6.3\bin;C:\xampp\php;C:\ProgramData\ComposerSetup\bin;C:\Users\manos\AppData\Roaming\nvm;C:\Program Files\nodejs;C:\WINDOWS\system32;C:\WINDOWS;C:\WINDOWS\System32\Wbem;C:\WINDOWS\System32\WindowsPowerShell\v1.0\;C:\WINDOWS\System32\OpenSSH\;C:\Program Files\Git\cmd;C:\Program Files\Git\mingw64\bin;C:\Program Files\Git\usr\bin;C:\Users\manos\AppData\Local\Microsoft\WindowsApps;C:\Users\manos\AppData\Local\Programs\Microsoft VS Code\bin;C:\Program Files\JetBrains\IntelliJ IDEA Community Edition 2019.3.3\bin;;C:\Users\manos\AppData\Roaming\Composer\vendor\bin;C:\Users\manos\AppData\Roaming\nvm;C:\Program Files\nodejs;
USERNAME=manos
OS=Windows_NT
PROCESSOR_IDENTIFIER=Intel64 Family 6 Model 58 Stepping 9, GenuineIntel



---------------  S Y S T E M  ---------------

OS: Windows 10 , 64 bit Build 19041 (10.0.19041.1202)

CPU:total 4 (initial active 4) (2 cores per cpu, 2 threads per core) family 6 model 58 stepping 9, cmov, cx8, fxsr, mmx, sse, sse2, sse3, ssse3, sse4.1, sse4.2, popcnt, avx, clmul, erms, ht, tsc, tscinvbit, tscinv

Memory: 4k page, system-wide physical 16332M (7483M free)
TotalPageFile size 42234M (AvailPageFile size 5M)
current process WorkingSet (physical memory assigned to process): 291M, peak: 378M
current process commit charge ("private bytes"): 501M, peak: 515M

vm_info: OpenJDK 64-Bit Server VM (13.0.2+8) for windows-amd64 JRE (13.0.2+8), built on Dec 11 2019 09:20:05 by "mach5one" with unknown MS VC++:1916

END.
