#
# There is insufficient memory for the Java Runtime Environment to continue.
# Native memory allocation (mmap) failed to map 268435456 bytes for Failed to commit area from 0x0000000700c00000 to 0x0000000710c00000 of length 268435456.
# Possible reasons:
#   The system is out of physical RAM or swap space
#   The process is running with CompressedOops enabled, and the Java Heap may be blocking the growth of the native heap
# Possible solutions:
#   Reduce memory load on the system
#   Increase physical memory or swap space
#   Check if swap backing store is full
#   Decrease Java heap size (-Xmx/-Xms)
#   Decrease number of Java threads
#   Decrease Java thread stack sizes (-Xss)
#   Set larger code cache with -XX:ReservedCodeCacheSize=
# This output file may be truncated or incomplete.
#
#  Out of Memory Error (t:/workspace/open/src/hotspot/os/windows/os_windows.cpp:3301), pid=18644, tid=14616
#
# JRE version:  (13.0.2+8) (build )
# Java VM: OpenJDK 64-Bit Server VM (13.0.2+8, mixed mode, aot, sharing, tiered, compressed oops, g1 gc, windows-amd64)
# No core dump will be written. Minidumps are not enabled by default on client versions of Windows
#

---------------  S U M M A R Y ------------

Command Line: -Dfile.encoding=UTF-8 -Duser.country=US -Duser.language=en -Duser.variant hackerrank.HuffmanHackerrank

Host: Intel(R) Core(TM) i3-3220 CPU @ 3.30GHz, 4 cores, 15G,  Windows 10 , 64 bit Build 19041 (10.0.19041.1202)
Time: Tue Oct  5 21:01:22 2021 GMT Daylight Time elapsed time: 0 seconds (0d 0h 0m 0s)

---------------  T H R E A D  ---------------

Current thread (0x000001e246019000):  JavaThread "Unknown thread" [_thread_in_vm, id=14616, stack(0x000000dba2300000,0x000000dba2400000)]

Stack: [0x000000dba2300000,0x000000dba2400000]
Native frames: (J=compiled Java code, j=interpreted, Vv=VM code, C=native code)
V  [jvm.dll+0x624f9a]
V  [jvm.dll+0x770cfa]
V  [jvm.dll+0x7724af]
V  [jvm.dll+0x772ab3]
V  [jvm.dll+0x24bf08]
V  [jvm.dll+0x6222aa]
V  [jvm.dll+0x6170b5]
V  [jvm.dll+0x30a88c]
V  [jvm.dll+0x30a6c2]
V  [jvm.dll+0x30fe36]
V  [jvm.dll+0x353f46]
V  [jvm.dll+0x353720]
V  [jvm.dll+0x2e550a]
V  [jvm.dll+0x2e67a2]
V  [jvm.dll+0x74dd78]
V  [jvm.dll+0x361989]
V  [jvm.dll+0x730e65]
V  [jvm.dll+0x3cc53f]
V  [jvm.dll+0x3ce861]
C  [jli.dll+0x51ff]
C  [ucrtbase.dll+0x21bb2]
C  [KERNEL32.DLL+0x17034]
C  [ntdll.dll+0x52651]


---------------  P R O C E S S  ---------------

Threads class SMR info:
_java_thread_list=0x00007ff8ddf8ccb8, length=0, elements={
}

Java Threads: ( => current thread )

Other Threads:
  0x000001e246086000 GCTaskThread "GC Thread#0" [stack: 0x000000dba2400000,0x000000dba2500000] [id=19600]
  0x000001e2460a8000 ConcurrentGCThread "G1 Main Marker" [stack: 0x000000dba2500000,0x000000dba2600000] [id=20196]
  0x000001e2460aa800 ConcurrentGCThread "G1 Conc#0" [stack: 0x000000dba2600000,0x000000dba2700000] [id=9000]

[error occurred during error reporting (printing all threads), id 0xc0000005, EXCEPTION_ACCESS_VIOLATION (0xc0000005) at pc=0x00007ff8dd7c51d7]

VM state:not at safepoint (not fully initialized)

VM Mutex/Monitor currently owned by a thread:  ([mutex/lock_event])
[0x000001e246016910] Heap_lock - owner thread: 0x000001e246019000

Heap address: 0x0000000700c00000, size: 4084 MB, Compressed Oops mode: Non-zero based: 0x0000000700c00000
Narrow klass base: 0x0000000000000000, Narrow klass shift: 0

GC Heap History (0 events):
No events

Deoptimization events (0 events):
No events

Classes unloaded (0 events):
No events

Classes redefined (0 events):
No events

Internal exceptions (0 events):
No events

Events (8 events):
Event: 0.011 Loaded shared library C:\Program Files\Java\jdk-13.0.2\bin\zip.dll
Event: 0.012 Loaded shared library C:\Program Files\Java\jdk-13.0.2\bin\jimage.dll
Event: 0.014 Loading shared library C:\Program Files\Java\jdk-13.0.2\lib\libjava.base-coop.dll failed, error code 126
Event: 0.014 Loading shared library C:\Program Files\Java\jdk-13.0.2\lib\libjava.logging-coop.dll failed, error code 126
Event: 0.014 Loading shared library C:\Program Files\Java\jdk-13.0.2\lib\libjdk.compiler-coop.dll failed, error code 126
Event: 0.014 Loading shared library C:\Program Files\Java\jdk-13.0.2\lib\libjdk.scripting.nashorn-coop.dll failed, error code 126
Event: 0.014 Loading shared library C:\Program Files\Java\jdk-13.0.2\lib\libjdk.internal.vm.ci-coop.dll failed, error code 126
Event: 0.014 Loading shared library C:\Program Files\Java\jdk-13.0.2\lib\libjdk.internal.vm.compiler-coop.dll failed, error code 126


Dynamic libraries:
0x00007ff68b4f0000 - 0x00007ff68b4fd000 	C:\Program Files\Java\jdk-13.0.2\bin\java.exe
0x00007ff918bf0000 - 0x00007ff918de5000 	C:\WINDOWS\SYSTEM32\ntdll.dll
0x00007ff918280000 - 0x00007ff91833e000 	C:\WINDOWS\System32\KERNEL32.DLL
0x00007ff916310000 - 0x00007ff9165d9000 	C:\WINDOWS\System32\KERNELBASE.dll
0x00007ff916b40000 - 0x00007ff916c40000 	C:\WINDOWS\System32\ucrtbase.dll
0x00007ff903ec0000 - 0x00007ff903ed5000 	C:\Program Files\Java\jdk-13.0.2\bin\VCRUNTIME140.dll
0x00007ff9119b0000 - 0x00007ff9119c8000 	C:\Program Files\Java\jdk-13.0.2\bin\jli.dll
0x00007ff916eb0000 - 0x00007ff917051000 	C:\WINDOWS\System32\USER32.dll
0x00007ff9167e0000 - 0x00007ff916802000 	C:\WINDOWS\System32\win32u.dll
0x00007ff903a60000 - 0x00007ff903cfa000 	C:\WINDOWS\WinSxS\amd64_microsoft.windows.common-controls_6595b64144ccf1df_6.0.19041.1110_none_60b5254171f9507e\COMCTL32.dll
0x00007ff916cf0000 - 0x00007ff916d1b000 	C:\WINDOWS\System32\GDI32.dll
0x00007ff9181e0000 - 0x00007ff91827e000 	C:\WINDOWS\System32\msvcrt.dll
0x00007ff916840000 - 0x00007ff91694b000 	C:\WINDOWS\System32\gdi32full.dll
0x00007ff916740000 - 0x00007ff9167dd000 	C:\WINDOWS\System32\msvcp_win.dll
0x00007ff917580000 - 0x00007ff9175b0000 	C:\WINDOWS\System32\IMM32.DLL
0x00007ff8f2430000 - 0x00007ff8f24cb000 	C:\Program Files\Java\jdk-13.0.2\bin\msvcp140.dll
0x00007ff8dd4d0000 - 0x00007ff8de02d000 	C:\Program Files\Java\jdk-13.0.2\bin\server\jvm.dll
0x00007ff917610000 - 0x00007ff9176bc000 	C:\WINDOWS\System32\ADVAPI32.dll
0x00007ff917060000 - 0x00007ff9170fb000 	C:\WINDOWS\System32\sechost.dll
0x00007ff918a20000 - 0x00007ff918b4a000 	C:\WINDOWS\System32\RPCRT4.dll
0x00007ff917e10000 - 0x00007ff917e18000 	C:\WINDOWS\System32\PSAPI.DLL
0x00007ff911a70000 - 0x00007ff911a79000 	C:\WINDOWS\SYSTEM32\WSOCK32.dll
0x00007ff918470000 - 0x00007ff9184db000 	C:\WINDOWS\System32\WS2_32.dll
0x00007ff90a700000 - 0x00007ff90a727000 	C:\WINDOWS\SYSTEM32\WINMM.dll
0x00007ff9111b0000 - 0x00007ff9111ba000 	C:\WINDOWS\SYSTEM32\VERSION.dll
0x00007ff914130000 - 0x00007ff914142000 	C:\WINDOWS\SYSTEM32\kernel.appcore.dll
0x00007ff911f60000 - 0x00007ff911f70000 	C:\Program Files\Java\jdk-13.0.2\bin\verify.dll
0x00007ff910180000 - 0x00007ff910364000 	C:\WINDOWS\SYSTEM32\DBGHELP.DLL
0x00007ff910030000 - 0x00007ff91005c000 	C:\WINDOWS\SYSTEM32\dbgcore.DLL
0x00007ff916ab0000 - 0x00007ff916b33000 	C:\WINDOWS\System32\bcryptPrimitives.dll
0x00007ff903e90000 - 0x00007ff903eb6000 	C:\Program Files\Java\jdk-13.0.2\bin\java.dll
0x00007ff9033e0000 - 0x00007ff9033f7000 	C:\Program Files\Java\jdk-13.0.2\bin\zip.dll
0x00007ff9119e0000 - 0x00007ff9119ea000 	C:\Program Files\Java\jdk-13.0.2\bin\jimage.dll

dbghelp: loaded successfully - version: 4.0.5 - missing functions: none
symbol engine: initialized successfully - sym options: 0x614 - pdb path: .;C:\Program Files\Java\jdk-13.0.2\bin;C:\WINDOWS\SYSTEM32;C:\WINDOWS\WinSxS\amd64_microsoft.windows.common-controls_6595b64144ccf1df_6.0.19041.1110_none_60b5254171f9507e;C:\Program Files\Java\jdk-13.0.2\bin\server

VM Arguments:
jvm_args: -Dfile.encoding=UTF-8 -Duser.country=US -Duser.language=en -Duser.variant 
java_command: hackerrank.HuffmanHackerrank
java_class_path (initial): C:\Users\manos\git_repos\algorithms\build\classes\java\main;C:\Users\manos\git_repos\algorithms\build\classes\groovy\main;C:\Users\manos\git_repos\algorithms\build\resources\main;C:\Users\manos\.gradle\caches\modules-2\files-2.1\org.codehaus.groovy\groovy-all\2.3.11\f6b34997d04c1538ce451d3955298f46fdb4dbd4\groovy-all-2.3.11.jar
Launcher Type: SUN_STANDARD

[Global flags]
     intx CICompilerCount                          = 3                                         {product} {ergonomic}
     uint ConcGCThreads                            = 1                                         {product} {ergonomic}
     uint G1ConcRefinementThreads                  = 4                                         {product} {ergonomic}
   size_t G1HeapRegionSize                         = 1048576                                   {product} {ergonomic}
    uintx GCDrainStackTargetSize                   = 64                                        {product} {ergonomic}
   size_t InitialHeapSize                          = 268435456                                 {product} {ergonomic}
   size_t MarkStackSize                            = 4194304                                   {product} {ergonomic}
   size_t MaxHeapSize                              = 4282384384                                {product} {ergonomic}
   size_t MinHeapDeltaBytes                        = 1048576                                   {product} {ergonomic}
   size_t MinHeapSize                              = 8388608                                   {product} {ergonomic}
    uintx NonNMethodCodeHeapSize                   = 5832780                                {pd product} {ergonomic}
    uintx NonProfiledCodeHeapSize                  = 122912730                              {pd product} {ergonomic}
    uintx ProfiledCodeHeapSize                     = 122912730                              {pd product} {ergonomic}
    uintx ReservedCodeCacheSize                    = 251658240                              {pd product} {ergonomic}
     bool SegmentedCodeCache                       = true                                      {product} {ergonomic}
   size_t SoftMaxHeapSize                          = 4282384384                             {manageable} {ergonomic}
     bool UseCompressedClassPointers               = true                                 {lp64_product} {ergonomic}
     bool UseCompressedOops                        = true                                 {lp64_product} {ergonomic}
     bool UseG1GC                                  = true                                      {product} {ergonomic}
     bool UseLargePagesIndividualAllocation        = false                                  {pd product} {ergonomic}

Logging:
Log output configuration:
 #0: stdout all=warning uptime,level,tags
 #1: stderr all=off uptime,level,tags

Environment Variables:
JAVA_HOME=C:\Program Files\java\jdk-13.0.2
PATH=C:\Program Files\java\jdk-13.0.2\bin;C:\Windows\system32;C:\Windows;C:\Windows\System32\Wbem;C:\Windows\System32\WindowsPowerShell\v1.0\;C:\Windows\System32\OpenSSH\;C:\Program Files (x86)\NVIDIA Corporation\PhysX\Common;C:\Program Files\NVIDIA Corporation\NVIDIA NvDLISR;C:\ProgramData\chocolatey\bin;C:\apache-ant-1.10.7\bin;C:\gradle-6.2.1\bin;C:\apache-maven-3.6.3\bin;C:\xampp\php;C:\ProgramData\ComposerSetup\bin;C:\Users\manos\AppData\Roaming\nvm;C:\Program Files\nodejs;C:\WINDOWS\system32;C:\WINDOWS;C:\WINDOWS\System32\Wbem;C:\WINDOWS\System32\WindowsPowerShell\v1.0\;C:\WINDOWS\System32\OpenSSH\;C:\Program Files\Git\cmd;C:\Program Files\Git\mingw64\bin;C:\Program Files\Git\usr\bin;C:\Users\manos\AppData\Local\Microsoft\WindowsApps;C:\Users\manos\AppData\Local\Programs\Microsoft VS Code\bin;C:\Program Files\JetBrains\IntelliJ IDEA Community Edition 2019.3.3\bin;;C:\Users\manos\AppData\Roaming\Composer\vendor\bin;C:\Users\manos\AppData\Roaming\nvm;C:\Program Files\nodejs;
USERNAME=manos
OS=Windows_NT
PROCESSOR_IDENTIFIER=Intel64 Family 6 Model 58 Stepping 9, GenuineIntel



---------------  S Y S T E M  ---------------

OS: Windows 10 , 64 bit Build 19041 (10.0.19041.1202)

CPU:total 4 (initial active 4) (2 cores per cpu, 2 threads per core) family 6 model 58 stepping 9, cmov, cx8, fxsr, mmx, sse, sse2, sse3, ssse3, sse4.1, sse4.2, popcnt, avx, clmul, erms, ht, tsc, tscinvbit, tscinv

Memory: 4k page, system-wide physical 16332M (7616M free)
TotalPageFile size 42234M (AvailPageFile size 211M)
current process WorkingSet (physical memory assigned to process): 10M, peak: 10M
current process commit charge ("private bytes"): 52M, peak: 308M

vm_info: OpenJDK 64-Bit Server VM (13.0.2+8) for windows-amd64 JRE (13.0.2+8), built on Dec 11 2019 09:20:05 by "mach5one" with unknown MS VC++:1916

END.
